[0.103s] Invoking command in '/home/admin/Desktop/CSE180/build/lab2': CMAKE_PREFIX_PATH=/opt/ros/foxy /usr/bin/cmake /home/admin/Desktop/CSE180/src/lab2 -DCMAKE_INSTALL_PREFIX=/home/admin/Desktop/CSE180/install/lab2
[0.354s] -- The C compiler identification is GNU 9.4.0
[0.568s] -- The CXX compiler identification is GNU 9.4.0
[0.578s] -- Check for working C compiler: /usr/bin/cc
[0.813s] -- Check for working C compiler: /usr/bin/cc -- works
[0.813s] -- Detecting C compiler ABI info
[1.020s] -- Detecting C compiler ABI info - done
[1.037s] -- Detecting C compile features
[1.038s] -- Detecting C compile features - done
[1.047s] -- Check for working CXX compiler: /usr/bin/c++
[1.352s] -- Check for working CXX compiler: /usr/bin/c++ -- works
[1.355s] -- Detecting CXX compiler ABI info
[1.707s] -- Detecting CXX compiler ABI info - done
[1.763s] -- Detecting CXX compile features
[1.764s] -- Detecting CXX compile features - done
[1.768s] -- Found ament_cmake: 0.9.11 (/opt/ros/foxy/share/ament_cmake/cmake)
[1.808s] -- Found PythonInterp: /usr/bin/python3 (found suitable version "3.8.10", minimum required is "3") 
[1.808s] -- Using PYTHON_EXECUTABLE: /usr/bin/python3
[2.465s] -- Found ament_lint_auto: 0.9.7 (/opt/ros/foxy/share/ament_lint_auto/cmake)
[2.749s] -- Added test 'copyright' to check source files copyright and LICENSE
[2.755s] -- Added test 'cppcheck' to perform static code analysis on C / C++ code
[2.755s] -- Configured cppcheck include dirs: 
[2.755s] -- Configured cppcheck exclude dirs and/or files: 
[2.757s] -- Added test 'cpplint' to check C / C++ code against the Google style
[2.757s] -- Configured cpplint exclude dirs and/or files: 
[2.759s] -- Added test 'lint_cmake' to check CMake code style
[2.761s] -- Added test 'uncrustify' to check C / C++ code style
[2.768s] -- Configured uncrustify additional arguments: 
[2.780s] -- Added test 'xmllint' to check XML markup files
[2.786s] -- Configuring done
[2.789s] -- Generating done
[2.791s] -- Build files have been written to: /home/admin/Desktop/CSE180/build/lab2
[2.799s] Invoked command in '/home/admin/Desktop/CSE180/build/lab2' returned '0': CMAKE_PREFIX_PATH=/opt/ros/foxy /usr/bin/cmake /home/admin/Desktop/CSE180/src/lab2 -DCMAKE_INSTALL_PREFIX=/home/admin/Desktop/CSE180/install/lab2
[2.828s] Invoking command in '/home/admin/Desktop/CSE180/build/lab2': CMAKE_PREFIX_PATH=/opt/ros/foxy /usr/bin/cmake --build /home/admin/Desktop/CSE180/build/lab2 -- -j2 -l2
[2.981s] Invoked command in '/home/admin/Desktop/CSE180/build/lab2' returned '0': CMAKE_PREFIX_PATH=/opt/ros/foxy /usr/bin/cmake --build /home/admin/Desktop/CSE180/build/lab2 -- -j2 -l2
[3.109s] Invoking command in '/home/admin/Desktop/CSE180/build/lab2': CMAKE_PREFIX_PATH=/opt/ros/foxy /usr/bin/cmake --install /home/admin/Desktop/CSE180/build/lab2
[3.129s] -- Install configuration: ""
[3.130s] -- Installing: /home/admin/Desktop/CSE180/install/lab2/share/ament_index/resource_index/package_run_dependencies/lab2
[3.130s] -- Installing: /home/admin/Desktop/CSE180/install/lab2/share/ament_index/resource_index/parent_prefix_path/lab2
[3.130s] -- Installing: /home/admin/Desktop/CSE180/install/lab2/share/lab2/environment/ament_prefix_path.sh
[3.132s] -- Installing: /home/admin/Desktop/CSE180/install/lab2/share/lab2/environment/ament_prefix_path.dsv
[3.133s] -- Installing: /home/admin/Desktop/CSE180/install/lab2/share/lab2/environment/path.sh
[3.134s] -- Installing: /home/admin/Desktop/CSE180/install/lab2/share/lab2/environment/path.dsv
[3.135s] -- Installing: /home/admin/Desktop/CSE180/install/lab2/share/lab2/local_setup.bash
[3.136s] -- Installing: /home/admin/Desktop/CSE180/install/lab2/share/lab2/local_setup.sh
[3.137s] -- Installing: /home/admin/Desktop/CSE180/install/lab2/share/lab2/local_setup.zsh
[3.138s] -- Installing: /home/admin/Desktop/CSE180/install/lab2/share/lab2/local_setup.dsv
[3.139s] -- Installing: /home/admin/Desktop/CSE180/install/lab2/share/lab2/package.dsv
[3.140s] -- Installing: /home/admin/Desktop/CSE180/install/lab2/share/ament_index/resource_index/packages/lab2
[3.141s] -- Installing: /home/admin/Desktop/CSE180/install/lab2/share/lab2/cmake/lab2Config.cmake
[3.142s] -- Installing: /home/admin/Desktop/CSE180/install/lab2/share/lab2/cmake/lab2Config-version.cmake
[3.143s] -- Installing: /home/admin/Desktop/CSE180/install/lab2/share/lab2/package.xml
[3.157s] Invoked command in '/home/admin/Desktop/CSE180/build/lab2' returned '0': CMAKE_PREFIX_PATH=/opt/ros/foxy /usr/bin/cmake --install /home/admin/Desktop/CSE180/build/lab2
