[0.083s] Invoking command in '/home/admin/Desktop/CSE180/build/lab2': CMAKE_PREFIX_PATH=${CMAKE_PREFIX_PATH}:/opt/ros/foxy /usr/bin/cmake --build /home/admin/Desktop/CSE180/build/lab2 -- -j2 -l2
[0.238s] -- Found ament_cmake: 0.9.11 (/opt/ros/foxy/share/ament_cmake/cmake)
[0.430s] -- Using PYTHON_EXECUTABLE: /usr/bin/python3
[1.118s] -- Found rclcpp: 2.4.2 (/opt/ros/foxy/share/rclcpp/cmake)
[1.315s] -- Using all available rosidl_typesupport_c: rosidl_typesupport_fastrtps_c;rosidl_typesupport_introspection_c
[1.333s] -- Found rosidl_adapter: 1.3.0 (/opt/ros/foxy/share/rosidl_adapter/cmake)
[1.648s] -- Found OpenSSL: /usr/lib/x86_64-linux-gnu/libcrypto.so (found version "1.1.1f")  
[1.743s] -- Found FastRTPS: /opt/ros/foxy/include  
[2.002s] -- Using all available rosidl_typesupport_cpp: rosidl_typesupport_fastrtps_cpp;rosidl_typesupport_introspection_cpp
[2.244s] -- Found rmw_implementation_cmake: 1.0.3 (/opt/ros/foxy/share/rmw_implementation_cmake/cmake)
[2.249s] -- Using RMW implementation 'rmw_fastrtps_cpp' as default
[2.252s] -- Looking for pthread.h
[2.503s] -- Looking for pthread.h - found
[2.504s] -- Performing Test CMAKE_HAVE_LIBC_PTHREAD
[2.831s] -- Performing Test CMAKE_HAVE_LIBC_PTHREAD - Failed
[2.831s] -- Looking for pthread_create in pthreads
[3.001s] -- Looking for pthread_create in pthreads - not found
[3.014s] -- Looking for pthread_create in pthread
[3.251s] -- Looking for pthread_create in pthread - found
[3.261s] -- Found Threads: TRUE  
[3.919s] -- Found sensor_msgs: 2.0.5 (/opt/ros/foxy/share/sensor_msgs/cmake)
[4.405s] -- Found turtlesim: 1.2.6 (/opt/ros/foxy/share/turtlesim/cmake)
[4.800s] -- Found tf2: 0.13.13 (/opt/ros/foxy/share/tf2/cmake)
[4.849s] -- Found tf2_ros: 0.13.13 (/opt/ros/foxy/share/tf2_ros/cmake)
[5.892s] -- Found ament_lint_auto: 0.9.7 (/opt/ros/foxy/share/ament_lint_auto/cmake)
[6.041s] -- Added test 'copyright' to check source files copyright and LICENSE
[6.043s] -- Added test 'cppcheck' to perform static code analysis on C / C++ code
[6.044s] -- Configured cppcheck include dirs: 
[6.045s] -- Configured cppcheck exclude dirs and/or files: 
[6.047s] -- Added test 'cpplint' to check C / C++ code against the Google style
[6.048s] -- Configured cpplint exclude dirs and/or files: 
[6.050s] -- Added test 'lint_cmake' to check CMake code style
[6.052s] -- Added test 'uncrustify' to check C / C++ code style
[6.052s] -- Configured uncrustify additional arguments: 
[6.053s] -- Added test 'xmllint' to check XML markup files
[6.060s] -- Configuring done
[6.100s] -- Generating done
[6.106s] -- Build files have been written to: /home/admin/Desktop/CSE180/build/lab2
[6.200s] [35m[1mScanning dependencies of target drawcircle[0m
[6.414s] [ 50%] [32mBuilding CXX object CMakeFiles/drawcircle.dir/src/moveturtle.cpp.o[0m
[15.160s] [100%] [32m[1mLinking CXX executable drawcircle[0m
[15.577s] [100%] Built target drawcircle
[15.609s] Invoked command in '/home/admin/Desktop/CSE180/build/lab2' returned '0': CMAKE_PREFIX_PATH=${CMAKE_PREFIX_PATH}:/opt/ros/foxy /usr/bin/cmake --build /home/admin/Desktop/CSE180/build/lab2 -- -j2 -l2
[15.704s] Invoking command in '/home/admin/Desktop/CSE180/build/lab2': CMAKE_PREFIX_PATH=${CMAKE_PREFIX_PATH}:/opt/ros/foxy /usr/bin/cmake --install /home/admin/Desktop/CSE180/build/lab2
[15.729s] -- Install configuration: ""
[15.729s] -- Installing: /home/admin/Desktop/CSE180/install/lab2/lib/lab2/drawcircle
[15.731s] -- Set runtime path of "/home/admin/Desktop/CSE180/install/lab2/lib/lab2/drawcircle" to ""
[15.732s] CMake Error at cmake_install.cmake:61 (file):
[15.732s]   file INSTALL cannot find "/home/admin/Desktop/CSE180/src/lab2/launch": No
[15.732s]   such file or directory.
[15.732s] 
[15.734s] 
[15.740s] Invoked command in '/home/admin/Desktop/CSE180/build/lab2' returned '1': CMAKE_PREFIX_PATH=${CMAKE_PREFIX_PATH}:/opt/ros/foxy /usr/bin/cmake --install /home/admin/Desktop/CSE180/build/lab2
