[0.223s] Invoking command in '/home/admin/Desktop/CSE180/build/lab2': CMAKE_PREFIX_PATH=/opt/ros/foxy /usr/bin/cmake --build /home/admin/Desktop/CSE180/build/lab2 -- -j2 -l2
[0.756s] [100%] Built target drawcircle
[0.802s] Invoked command in '/home/admin/Desktop/CSE180/build/lab2' returned '0': CMAKE_PREFIX_PATH=/opt/ros/foxy /usr/bin/cmake --build /home/admin/Desktop/CSE180/build/lab2 -- -j2 -l2
[0.936s] Invoking command in '/home/admin/Desktop/CSE180/build/lab2': CMAKE_PREFIX_PATH=/opt/ros/foxy /usr/bin/cmake --install /home/admin/Desktop/CSE180/build/lab2
[0.976s] -- Install configuration: ""
[0.982s] -- Up-to-date: /home/admin/Desktop/CSE180/install/lab2/lib/lab2/drawcircle
[0.988s] -- Up-to-date: /home/admin/Desktop/CSE180/install/lab2/share/ament_index/resource_index/package_run_dependencies/lab2
[0.989s] -- Up-to-date: /home/admin/Desktop/CSE180/install/lab2/share/ament_index/resource_index/parent_prefix_path/lab2
[0.991s] -- Up-to-date: /home/admin/Desktop/CSE180/install/lab2/share/lab2/environment/ament_prefix_path.sh
[0.992s] -- Up-to-date: /home/admin/Desktop/CSE180/install/lab2/share/lab2/environment/ament_prefix_path.dsv
[0.993s] -- Up-to-date: /home/admin/Desktop/CSE180/install/lab2/share/lab2/environment/path.sh
[0.994s] -- Up-to-date: /home/admin/Desktop/CSE180/install/lab2/share/lab2/environment/path.dsv
[0.994s] -- Up-to-date: /home/admin/Desktop/CSE180/install/lab2/share/lab2/local_setup.bash
[0.995s] -- Up-to-date: /home/admin/Desktop/CSE180/install/lab2/share/lab2/local_setup.sh
[0.996s] -- Up-to-date: /home/admin/Desktop/CSE180/install/lab2/share/lab2/local_setup.zsh
[0.997s] -- Up-to-date: /home/admin/Desktop/CSE180/install/lab2/share/lab2/local_setup.dsv
[0.998s] -- Installing: /home/admin/Desktop/CSE180/install/lab2/share/lab2/package.dsv
[0.998s] -- Up-to-date: /home/admin/Desktop/CSE180/install/lab2/share/ament_index/resource_index/packages/lab2
[1.000s] -- Up-to-date: /home/admin/Desktop/CSE180/install/lab2/share/lab2/cmake/lab2Config.cmake
[1.001s] -- Up-to-date: /home/admin/Desktop/CSE180/install/lab2/share/lab2/cmake/lab2Config-version.cmake
[1.002s] -- Up-to-date: /home/admin/Desktop/CSE180/install/lab2/share/lab2/package.xml
[1.011s] Invoked command in '/home/admin/Desktop/CSE180/build/lab2' returned '0': CMAKE_PREFIX_PATH=/opt/ros/foxy /usr/bin/cmake --install /home/admin/Desktop/CSE180/build/lab2
