[35m[1mScanning dependencies of target drawcircle[0m
[ 50%] [32mBuilding CXX object CMakeFiles/drawcircle.dir/src/moveturtle.cpp.o[0m
[100%] [32m[1mLinking CXX executable drawcircle[0m
[100%] Built target drawcircle
-- Install configuration: ""
-- Installing: /home/admin/Desktop/CSE180/install/lab2/lib/lab2/drawcircle
-- Set runtime path of "/home/admin/Desktop/CSE180/install/lab2/lib/lab2/drawcircle" to ""
-- Up-to-date: /home/admin/Desktop/CSE180/install/lab2/share/ament_index/resource_index/package_run_dependencies/lab2
-- Up-to-date: /home/admin/Desktop/CSE180/install/lab2/share/ament_index/resource_index/parent_prefix_path/lab2
-- Up-to-date: /home/admin/Desktop/CSE180/install/lab2/share/lab2/environment/ament_prefix_path.sh
-- Up-to-date: /home/admin/Desktop/CSE180/install/lab2/share/lab2/environment/ament_prefix_path.dsv
-- Up-to-date: /home/admin/Desktop/CSE180/install/lab2/share/lab2/environment/path.sh
-- Up-to-date: /home/admin/Desktop/CSE180/install/lab2/share/lab2/environment/path.dsv
-- Up-to-date: /home/admin/Desktop/CSE180/install/lab2/share/lab2/local_setup.bash
-- Up-to-date: /home/admin/Desktop/CSE180/install/lab2/share/lab2/local_setup.sh
-- Up-to-date: /home/admin/Desktop/CSE180/install/lab2/share/lab2/local_setup.zsh
-- Up-to-date: /home/admin/Desktop/CSE180/install/lab2/share/lab2/local_setup.dsv
-- Installing: /home/admin/Desktop/CSE180/install/lab2/share/lab2/package.dsv
-- Up-to-date: /home/admin/Desktop/CSE180/install/lab2/share/ament_index/resource_index/packages/lab2
-- Up-to-date: /home/admin/Desktop/CSE180/install/lab2/share/lab2/cmake/lab2Config.cmake
-- Up-to-date: /home/admin/Desktop/CSE180/install/lab2/share/lab2/cmake/lab2Config-version.cmake
-- Up-to-date: /home/admin/Desktop/CSE180/install/lab2/share/lab2/package.xml
