[0.379s] DEBUG:colcon:Command line arguments: ['/usr/bin/colcon', 'build']
[0.380s] DEBUG:colcon:Parsed command line arguments: Namespace(allow_overriding=[], ament_cmake_args=None, base_paths=['.'], build_base='build', catkin_cmake_args=None, catkin_skip_building_tests=False, cmake_args=None, cmake_clean_cache=False, cmake_clean_first=False, cmake_force_configure=False, cmake_target=None, cmake_target_skip_unavailable=False, continue_on_error=False, event_handlers=None, executor='parallel', ignore_user_meta=False, install_base='install', log_base=None, log_level=None, main=<bound method BuildVerb.main of <colcon_core.verb.build.BuildVerb object at 0x7f4dba3bf850>>, merge_install=False, metas=['./colcon.meta'], packages_above=None, packages_above_and_dependencies=None, packages_above_depth=None, packages_end=None, packages_ignore=None, packages_ignore_regex=None, packages_select=None, packages_select_build_failed=False, packages_select_by_dep=None, packages_select_regex=None, packages_select_test_failures=False, packages_skip=None, packages_skip_build_finished=False, packages_skip_by_dep=None, packages_skip_regex=None, packages_skip_test_passed=False, packages_skip_up_to=None, packages_start=None, packages_up_to=None, packages_up_to_regex=None, parallel_workers=2, paths=None, symlink_install=False, test_result_base=None, verb_extension=<colcon_core.verb.build.BuildVerb object at 0x7f4dba3bf850>, verb_name='build', verb_parser=<colcon_defaults.argument_parser.defaults.DefaultArgumentsDecorator object at 0x7f4dba3bfdc0>)
[0.429s] Level 1:colcon.colcon_core.package_discovery:discover_packages(colcon_meta) check parameters
[0.429s] Level 1:colcon.colcon_core.package_discovery:discover_packages(recursive) check parameters
[0.429s] Level 1:colcon.colcon_core.package_discovery:discover_packages(ignore) check parameters
[0.429s] Level 1:colcon.colcon_core.package_discovery:discover_packages(path) check parameters
[0.430s] Level 1:colcon.colcon_core.package_discovery:discover_packages(colcon_meta) discover
[0.430s] Level 1:colcon.colcon_core.package_discovery:discover_packages(recursive) discover
[0.430s] INFO:colcon.colcon_core.package_discovery:Crawling recursively for packages in '/home/admin/Desktop/CSE180'
[0.430s] Level 1:colcon.colcon_core.package_identification:_identify(.) by extensions ['ignore', 'ignore_ament_install']
[0.430s] Level 1:colcon.colcon_core.package_identification:_identify(.) by extension 'ignore'
[0.430s] Level 1:colcon.colcon_core.package_identification:_identify(.) by extension 'ignore_ament_install'
[0.430s] Level 1:colcon.colcon_core.package_identification:_identify(.) by extensions ['colcon_pkg']
[0.430s] Level 1:colcon.colcon_core.package_identification:_identify(.) by extension 'colcon_pkg'
[0.430s] Level 1:colcon.colcon_core.package_identification:_identify(.) by extensions ['colcon_meta']
[0.430s] Level 1:colcon.colcon_core.package_identification:_identify(.) by extension 'colcon_meta'
[0.430s] Level 1:colcon.colcon_core.package_identification:_identify(.) by extensions ['ros']
[0.430s] Level 1:colcon.colcon_core.package_identification:_identify(.) by extension 'ros'
[0.451s] Level 1:colcon.colcon_core.package_identification:_identify(.) by extensions ['cmake', 'python']
[0.451s] Level 1:colcon.colcon_core.package_identification:_identify(.) by extension 'cmake'
[0.452s] Level 1:colcon.colcon_core.package_identification:_identify(.) by extension 'python'
[0.452s] Level 1:colcon.colcon_core.package_identification:_identify(.) by extensions ['python_setup_py']
[0.452s] Level 1:colcon.colcon_core.package_identification:_identify(.) by extension 'python_setup_py'
[0.452s] Level 1:colcon.colcon_core.package_identification:_identify(build) by extensions ['ignore', 'ignore_ament_install']
[0.452s] Level 1:colcon.colcon_core.package_identification:_identify(build) by extension 'ignore'
[0.452s] Level 1:colcon.colcon_core.package_identification:_identify(build) ignored
[0.452s] Level 1:colcon.colcon_core.package_identification:_identify(install) by extensions ['ignore', 'ignore_ament_install']
[0.453s] Level 1:colcon.colcon_core.package_identification:_identify(install) by extension 'ignore'
[0.453s] Level 1:colcon.colcon_core.package_identification:_identify(install) ignored
[0.453s] Level 1:colcon.colcon_core.package_identification:_identify(log) by extensions ['ignore', 'ignore_ament_install']
[0.453s] Level 1:colcon.colcon_core.package_identification:_identify(log) by extension 'ignore'
[0.453s] Level 1:colcon.colcon_core.package_identification:_identify(log) ignored
[0.453s] Level 1:colcon.colcon_core.package_identification:_identify(src) by extensions ['ignore', 'ignore_ament_install']
[0.453s] Level 1:colcon.colcon_core.package_identification:_identify(src) by extension 'ignore'
[0.453s] Level 1:colcon.colcon_core.package_identification:_identify(src) by extension 'ignore_ament_install'
[0.454s] Level 1:colcon.colcon_core.package_identification:_identify(src) by extensions ['colcon_pkg']
[0.454s] Level 1:colcon.colcon_core.package_identification:_identify(src) by extension 'colcon_pkg'
[0.454s] Level 1:colcon.colcon_core.package_identification:_identify(src) by extensions ['colcon_meta']
[0.454s] Level 1:colcon.colcon_core.package_identification:_identify(src) by extension 'colcon_meta'
[0.454s] Level 1:colcon.colcon_core.package_identification:_identify(src) by extensions ['ros']
[0.454s] Level 1:colcon.colcon_core.package_identification:_identify(src) by extension 'ros'
[0.454s] Level 1:colcon.colcon_core.package_identification:_identify(src) by extensions ['cmake', 'python']
[0.454s] Level 1:colcon.colcon_core.package_identification:_identify(src) by extension 'cmake'
[0.454s] Level 1:colcon.colcon_core.package_identification:_identify(src) by extension 'python'
[0.454s] Level 1:colcon.colcon_core.package_identification:_identify(src) by extensions ['python_setup_py']
[0.455s] Level 1:colcon.colcon_core.package_identification:_identify(src) by extension 'python_setup_py'
[0.455s] Level 1:colcon.colcon_core.package_identification:_identify(src/lab1) by extensions ['ignore', 'ignore_ament_install']
[0.455s] Level 1:colcon.colcon_core.package_identification:_identify(src/lab1) by extension 'ignore'
[0.455s] Level 1:colcon.colcon_core.package_identification:_identify(src/lab1) by extension 'ignore_ament_install'
[0.455s] Level 1:colcon.colcon_core.package_identification:_identify(src/lab1) by extensions ['colcon_pkg']
[0.455s] Level 1:colcon.colcon_core.package_identification:_identify(src/lab1) by extension 'colcon_pkg'
[0.455s] Level 1:colcon.colcon_core.package_identification:_identify(src/lab1) by extensions ['colcon_meta']
[0.455s] Level 1:colcon.colcon_core.package_identification:_identify(src/lab1) by extension 'colcon_meta'
[0.455s] Level 1:colcon.colcon_core.package_identification:_identify(src/lab1) by extensions ['ros']
[0.455s] Level 1:colcon.colcon_core.package_identification:_identify(src/lab1) by extension 'ros'
[0.460s] DEBUG:colcon.colcon_core.package_identification:Package 'src/lab1' with type 'ros.ament_cmake' and name 'lab1'
[0.461s] Level 1:colcon.colcon_core.package_identification:_identify(src/lab2) by extensions ['ignore', 'ignore_ament_install']
[0.461s] Level 1:colcon.colcon_core.package_identification:_identify(src/lab2) by extension 'ignore'
[0.461s] Level 1:colcon.colcon_core.package_identification:_identify(src/lab2) by extension 'ignore_ament_install'
[0.461s] Level 1:colcon.colcon_core.package_identification:_identify(src/lab2) by extensions ['colcon_pkg']
[0.461s] Level 1:colcon.colcon_core.package_identification:_identify(src/lab2) by extension 'colcon_pkg'
[0.461s] Level 1:colcon.colcon_core.package_identification:_identify(src/lab2) by extensions ['colcon_meta']
[0.461s] Level 1:colcon.colcon_core.package_identification:_identify(src/lab2) by extension 'colcon_meta'
[0.461s] Level 1:colcon.colcon_core.package_identification:_identify(src/lab2) by extensions ['ros']
[0.461s] Level 1:colcon.colcon_core.package_identification:_identify(src/lab2) by extension 'ros'
[0.463s] DEBUG:colcon.colcon_core.package_identification:Package 'src/lab2' with type 'ros.ament_cmake' and name 'lab2'
[0.463s] Level 1:colcon.colcon_core.package_discovery:discover_packages(recursive) using defaults
[0.463s] Level 1:colcon.colcon_core.package_discovery:discover_packages(ignore) discover
[0.463s] Level 1:colcon.colcon_core.package_discovery:discover_packages(ignore) using defaults
[0.463s] Level 1:colcon.colcon_core.package_discovery:discover_packages(path) discover
[0.464s] Level 1:colcon.colcon_core.package_discovery:discover_packages(path) using defaults
[0.519s] Level 1:colcon.colcon_core.package_discovery:discover_packages(prefix_path) check parameters
[0.519s] Level 1:colcon.colcon_core.package_discovery:discover_packages(prefix_path) discover
[0.521s] WARNING:colcon.colcon_ros.prefix_path.ament:The path '/home/admin/Desktop/CSE180/install/lab2' in the environment variable AMENT_PREFIX_PATH doesn't exist
[0.521s] WARNING:colcon.colcon_ros.prefix_path.ament:The path '/home/admin/Desktop/CSE180/install/lab1' in the environment variable AMENT_PREFIX_PATH doesn't exist
[0.522s] WARNING:colcon.colcon_ros.prefix_path.catkin:The path '/home/admin/Desktop/CSE180/install/lab2' in the environment variable CMAKE_PREFIX_PATH doesn't exist
[0.522s] WARNING:colcon.colcon_ros.prefix_path.catkin:The path '/home/admin/Desktop/CSE180/install/lab1' in the environment variable CMAKE_PREFIX_PATH doesn't exist
[0.525s] DEBUG:colcon.colcon_installed_package_information.package_discovery:Found 0 installed packages in /home/admin/Desktop/CSE180/install
[0.527s] DEBUG:colcon.colcon_installed_package_information.package_discovery:Found 4 installed packages in /var/tmp/MRTP/MRTP/install
[0.530s] DEBUG:colcon.colcon_installed_package_information.package_discovery:Found 286 installed packages in /opt/ros/foxy
[0.534s] Level 1:colcon.colcon_core.package_discovery:discover_packages(prefix_path) using defaults
[0.896s] Level 5:colcon.colcon_core.verb:set package 'lab1' build argument 'cmake_args' from command line to 'None'
[0.896s] Level 5:colcon.colcon_core.verb:set package 'lab1' build argument 'cmake_target' from command line to 'None'
[0.896s] Level 5:colcon.colcon_core.verb:set package 'lab1' build argument 'cmake_target_skip_unavailable' from command line to 'False'
[0.896s] Level 5:colcon.colcon_core.verb:set package 'lab1' build argument 'cmake_clean_cache' from command line to 'False'
[0.896s] Level 5:colcon.colcon_core.verb:set package 'lab1' build argument 'cmake_clean_first' from command line to 'False'
[0.896s] Level 5:colcon.colcon_core.verb:set package 'lab1' build argument 'cmake_force_configure' from command line to 'False'
[0.896s] Level 5:colcon.colcon_core.verb:set package 'lab1' build argument 'ament_cmake_args' from command line to 'None'
[0.896s] Level 5:colcon.colcon_core.verb:set package 'lab1' build argument 'catkin_cmake_args' from command line to 'None'
[0.896s] Level 5:colcon.colcon_core.verb:set package 'lab1' build argument 'catkin_skip_building_tests' from command line to 'False'
[0.896s] DEBUG:colcon.colcon_core.verb:Building package 'lab1' with the following arguments: {'ament_cmake_args': None, 'build_base': '/home/admin/Desktop/CSE180/build/lab1', 'catkin_cmake_args': None, 'catkin_skip_building_tests': False, 'cmake_args': None, 'cmake_clean_cache': False, 'cmake_clean_first': False, 'cmake_force_configure': False, 'cmake_target': None, 'cmake_target_skip_unavailable': False, 'install_base': '/home/admin/Desktop/CSE180/install/lab1', 'merge_install': False, 'path': '/home/admin/Desktop/CSE180/src/lab1', 'symlink_install': False, 'test_result_base': None}
[0.898s] Level 5:colcon.colcon_core.verb:set package 'lab2' build argument 'cmake_args' from command line to 'None'
[0.898s] Level 5:colcon.colcon_core.verb:set package 'lab2' build argument 'cmake_target' from command line to 'None'
[0.898s] Level 5:colcon.colcon_core.verb:set package 'lab2' build argument 'cmake_target_skip_unavailable' from command line to 'False'
[0.898s] Level 5:colcon.colcon_core.verb:set package 'lab2' build argument 'cmake_clean_cache' from command line to 'False'
[0.898s] Level 5:colcon.colcon_core.verb:set package 'lab2' build argument 'cmake_clean_first' from command line to 'False'
[0.899s] Level 5:colcon.colcon_core.verb:set package 'lab2' build argument 'cmake_force_configure' from command line to 'False'
[0.899s] Level 5:colcon.colcon_core.verb:set package 'lab2' build argument 'ament_cmake_args' from command line to 'None'
[0.899s] Level 5:colcon.colcon_core.verb:set package 'lab2' build argument 'catkin_cmake_args' from command line to 'None'
[0.899s] Level 5:colcon.colcon_core.verb:set package 'lab2' build argument 'catkin_skip_building_tests' from command line to 'False'
[0.899s] DEBUG:colcon.colcon_core.verb:Building package 'lab2' with the following arguments: {'ament_cmake_args': None, 'build_base': '/home/admin/Desktop/CSE180/build/lab2', 'catkin_cmake_args': None, 'catkin_skip_building_tests': False, 'cmake_args': None, 'cmake_clean_cache': False, 'cmake_clean_first': False, 'cmake_force_configure': False, 'cmake_target': None, 'cmake_target_skip_unavailable': False, 'install_base': '/home/admin/Desktop/CSE180/install/lab2', 'merge_install': False, 'path': '/home/admin/Desktop/CSE180/src/lab2', 'symlink_install': False, 'test_result_base': None}
[0.900s] INFO:colcon.colcon_core.executor:Executing jobs using 'parallel' executor
[0.907s] DEBUG:colcon.colcon_parallel_executor.executor.parallel:run_until_complete
[0.908s] INFO:colcon.colcon_ros.task.ament_cmake.build:Building ROS package in '/home/admin/Desktop/CSE180/src/lab1' with build type 'ament_cmake'
[0.908s] INFO:colcon.colcon_cmake.task.cmake.build:Building CMake package in '/home/admin/Desktop/CSE180/src/lab1'
[0.917s] INFO:colcon.colcon_core.plugin_system:Skipping extension 'colcon_core.shell.bat': Not used on non-Windows systems
[0.918s] INFO:colcon.colcon_core.shell:Skip shell extension 'powershell' for command environment: Not usable outside of PowerShell
[0.918s] DEBUG:colcon.colcon_core.shell:Skip shell extension 'dsv' for command environment
[0.933s] INFO:colcon.colcon_ros.task.ament_cmake.build:Building ROS package in '/home/admin/Desktop/CSE180/src/lab2' with build type 'ament_cmake'
[0.933s] INFO:colcon.colcon_cmake.task.cmake.build:Building CMake package in '/home/admin/Desktop/CSE180/src/lab2'
[0.939s] INFO:colcon.colcon_core.shell:Skip shell extension 'powershell' for command environment: Not usable outside of PowerShell
[0.939s] DEBUG:colcon.colcon_core.shell:Skip shell extension 'dsv' for command environment
[1.056s] DEBUG:colcon.colcon_core.event_handler.log_command:Invoking command in '/home/admin/Desktop/CSE180/build/lab1': CMAKE_PREFIX_PATH=${CMAKE_PREFIX_PATH}:/var/tmp/MRTP/MRTP/install/gazeboenvs:/opt/ros/foxy /usr/bin/cmake /home/admin/Desktop/CSE180/src/lab1 -DCMAKE_INSTALL_PREFIX=/home/admin/Desktop/CSE180/install/lab1
[1.090s] DEBUG:colcon.colcon_core.event_handler.log_command:Invoking command in '/home/admin/Desktop/CSE180/build/lab2': CMAKE_PREFIX_PATH=${CMAKE_PREFIX_PATH}:/var/tmp/MRTP/MRTP/install/gazeboenvs:/opt/ros/foxy /usr/bin/cmake /home/admin/Desktop/CSE180/src/lab2 -DCMAKE_INSTALL_PREFIX=/home/admin/Desktop/CSE180/install/lab2
[12.648s] DEBUG:colcon.colcon_core.event_handler.log_command:Invoked command in '/home/admin/Desktop/CSE180/build/lab1' returned '0': CMAKE_PREFIX_PATH=${CMAKE_PREFIX_PATH}:/var/tmp/MRTP/MRTP/install/gazeboenvs:/opt/ros/foxy /usr/bin/cmake /home/admin/Desktop/CSE180/src/lab1 -DCMAKE_INSTALL_PREFIX=/home/admin/Desktop/CSE180/install/lab1
[12.650s] DEBUG:colcon.colcon_core.event_handler.log_command:Invoking command in '/home/admin/Desktop/CSE180/build/lab1': CMAKE_PREFIX_PATH=${CMAKE_PREFIX_PATH}:/var/tmp/MRTP/MRTP/install/gazeboenvs:/opt/ros/foxy /usr/bin/cmake --build /home/admin/Desktop/CSE180/build/lab1 -- -j2 -l2
[18.778s] DEBUG:colcon.colcon_core.event_handler.log_command:Invoked command in '/home/admin/Desktop/CSE180/build/lab2' returned '0': CMAKE_PREFIX_PATH=${CMAKE_PREFIX_PATH}:/var/tmp/MRTP/MRTP/install/gazeboenvs:/opt/ros/foxy /usr/bin/cmake /home/admin/Desktop/CSE180/src/lab2 -DCMAKE_INSTALL_PREFIX=/home/admin/Desktop/CSE180/install/lab2
[18.783s] DEBUG:colcon.colcon_core.event_handler.log_command:Invoking command in '/home/admin/Desktop/CSE180/build/lab2': CMAKE_PREFIX_PATH=${CMAKE_PREFIX_PATH}:/var/tmp/MRTP/MRTP/install/gazeboenvs:/opt/ros/foxy /usr/bin/cmake --build /home/admin/Desktop/CSE180/build/lab2 -- -j2 -l2
[41.634s] DEBUG:colcon.colcon_core.event_handler.log_command:Invoked command in '/home/admin/Desktop/CSE180/build/lab2' returned '0': CMAKE_PREFIX_PATH=${CMAKE_PREFIX_PATH}:/var/tmp/MRTP/MRTP/install/gazeboenvs:/opt/ros/foxy /usr/bin/cmake --build /home/admin/Desktop/CSE180/build/lab2 -- -j2 -l2
[41.786s] DEBUG:colcon.colcon_core.event_handler.log_command:Invoking command in '/home/admin/Desktop/CSE180/build/lab2': CMAKE_PREFIX_PATH=${CMAKE_PREFIX_PATH}:/var/tmp/MRTP/MRTP/install/gazeboenvs:/opt/ros/foxy /usr/bin/cmake --install /home/admin/Desktop/CSE180/build/lab2
[41.905s] Level 1:colcon.colcon_core.environment:create_environment_scripts_only(lab2)
[41.946s] DEBUG:colcon.colcon_core.event_handler.log_command:Invoked command in '/home/admin/Desktop/CSE180/build/lab2' returned '0': CMAKE_PREFIX_PATH=${CMAKE_PREFIX_PATH}:/var/tmp/MRTP/MRTP/install/gazeboenvs:/opt/ros/foxy /usr/bin/cmake --install /home/admin/Desktop/CSE180/build/lab2
[41.956s] Level 1:colcon.colcon_core.environment:checking '/home/admin/Desktop/CSE180/install/lab2' for CMake module files
[41.957s] Level 1:colcon.colcon_core.environment:checking '/home/admin/Desktop/CSE180/install/lab2' for CMake config files
[41.958s] Level 1:colcon.colcon_core.shell:create_environment_hook('lab2', 'cmake_prefix_path')
[41.962s] INFO:colcon.colcon_core.shell:Creating environment hook '/home/admin/Desktop/CSE180/install/lab2/share/lab2/hook/cmake_prefix_path.ps1'
[41.965s] INFO:colcon.colcon_core.shell:Creating environment descriptor '/home/admin/Desktop/CSE180/install/lab2/share/lab2/hook/cmake_prefix_path.dsv'
[41.966s] INFO:colcon.colcon_core.shell:Creating environment hook '/home/admin/Desktop/CSE180/install/lab2/share/lab2/hook/cmake_prefix_path.sh'
[41.969s] Level 1:colcon.colcon_core.environment:checking '/home/admin/Desktop/CSE180/install/lab2/lib'
[41.970s] Level 1:colcon.colcon_core.environment:checking '/home/admin/Desktop/CSE180/install/lab2/bin'
[41.971s] Level 1:colcon.colcon_core.environment:checking '/home/admin/Desktop/CSE180/install/lab2/lib/pkgconfig/lab2.pc'
[41.972s] Level 1:colcon.colcon_core.environment:checking '/home/admin/Desktop/CSE180/install/lab2/lib/python3.8/site-packages'
[41.972s] Level 1:colcon.colcon_core.environment:checking '/home/admin/Desktop/CSE180/install/lab2/bin'
[41.989s] INFO:colcon.colcon_core.shell:Creating package script '/home/admin/Desktop/CSE180/install/lab2/share/lab2/package.ps1'
[41.991s] INFO:colcon.colcon_core.shell:Creating package descriptor '/home/admin/Desktop/CSE180/install/lab2/share/lab2/package.dsv'
[41.992s] INFO:colcon.colcon_core.shell:Creating package script '/home/admin/Desktop/CSE180/install/lab2/share/lab2/package.sh'
[41.995s] INFO:colcon.colcon_core.shell:Creating package script '/home/admin/Desktop/CSE180/install/lab2/share/lab2/package.bash'
[41.998s] INFO:colcon.colcon_core.shell:Creating package script '/home/admin/Desktop/CSE180/install/lab2/share/lab2/package.zsh'
[42.002s] Level 1:colcon.colcon_core.environment:create_file_with_runtime_dependencies(/home/admin/Desktop/CSE180/install/lab2/share/colcon-core/packages/lab2)
[42.189s] Level 1:colcon.colcon_core.environment:create_environment_scripts_only(lab2)
[42.195s] Level 1:colcon.colcon_core.environment:checking '/home/admin/Desktop/CSE180/install/lab2' for CMake module files
[42.196s] Level 1:colcon.colcon_core.environment:checking '/home/admin/Desktop/CSE180/install/lab2' for CMake config files
[42.197s] Level 1:colcon.colcon_core.shell:create_environment_hook('lab2', 'cmake_prefix_path')
[42.201s] INFO:colcon.colcon_core.shell:Creating environment hook '/home/admin/Desktop/CSE180/install/lab2/share/lab2/hook/cmake_prefix_path.ps1'
[42.203s] INFO:colcon.colcon_core.shell:Creating environment descriptor '/home/admin/Desktop/CSE180/install/lab2/share/lab2/hook/cmake_prefix_path.dsv'
[42.206s] INFO:colcon.colcon_core.shell:Creating environment hook '/home/admin/Desktop/CSE180/install/lab2/share/lab2/hook/cmake_prefix_path.sh'
[42.212s] Level 1:colcon.colcon_core.environment:checking '/home/admin/Desktop/CSE180/install/lab2/lib'
[42.212s] Level 1:colcon.colcon_core.environment:checking '/home/admin/Desktop/CSE180/install/lab2/bin'
[42.213s] Level 1:colcon.colcon_core.environment:checking '/home/admin/Desktop/CSE180/install/lab2/lib/pkgconfig/lab2.pc'
[42.214s] Level 1:colcon.colcon_core.environment:checking '/home/admin/Desktop/CSE180/install/lab2/lib/python3.8/site-packages'
[42.215s] Level 1:colcon.colcon_core.environment:checking '/home/admin/Desktop/CSE180/install/lab2/bin'
[42.223s] INFO:colcon.colcon_core.shell:Creating package script '/home/admin/Desktop/CSE180/install/lab2/share/lab2/package.ps1'
[42.224s] INFO:colcon.colcon_core.shell:Creating package descriptor '/home/admin/Desktop/CSE180/install/lab2/share/lab2/package.dsv'
[42.273s] INFO:colcon.colcon_core.shell:Creating package script '/home/admin/Desktop/CSE180/install/lab2/share/lab2/package.sh'
[42.275s] INFO:colcon.colcon_core.shell:Creating package script '/home/admin/Desktop/CSE180/install/lab2/share/lab2/package.bash'
[42.277s] INFO:colcon.colcon_core.shell:Creating package script '/home/admin/Desktop/CSE180/install/lab2/share/lab2/package.zsh'
[42.278s] Level 1:colcon.colcon_core.environment:create_file_with_runtime_dependencies(/home/admin/Desktop/CSE180/install/lab2/share/colcon-core/packages/lab2)
[46.224s] DEBUG:colcon.colcon_core.event_handler.log_command:Invoked command in '/home/admin/Desktop/CSE180/build/lab1' returned '0': CMAKE_PREFIX_PATH=${CMAKE_PREFIX_PATH}:/var/tmp/MRTP/MRTP/install/gazeboenvs:/opt/ros/foxy /usr/bin/cmake --build /home/admin/Desktop/CSE180/build/lab1 -- -j2 -l2
[46.408s] DEBUG:colcon.colcon_core.event_handler.log_command:Invoking command in '/home/admin/Desktop/CSE180/build/lab1': CMAKE_PREFIX_PATH=${CMAKE_PREFIX_PATH}:/var/tmp/MRTP/MRTP/install/gazeboenvs:/opt/ros/foxy /usr/bin/cmake --install /home/admin/Desktop/CSE180/build/lab1
[46.464s] Level 1:colcon.colcon_core.environment:create_environment_scripts_only(lab1)
[46.465s] DEBUG:colcon.colcon_core.event_handler.log_command:Invoked command in '/home/admin/Desktop/CSE180/build/lab1' returned '0': CMAKE_PREFIX_PATH=${CMAKE_PREFIX_PATH}:/var/tmp/MRTP/MRTP/install/gazeboenvs:/opt/ros/foxy /usr/bin/cmake --install /home/admin/Desktop/CSE180/build/lab1
[46.520s] Level 1:colcon.colcon_core.environment:checking '/home/admin/Desktop/CSE180/install/lab1' for CMake module files
[46.522s] Level 1:colcon.colcon_core.environment:checking '/home/admin/Desktop/CSE180/install/lab1' for CMake config files
[46.523s] Level 1:colcon.colcon_core.shell:create_environment_hook('lab1', 'cmake_prefix_path')
[46.529s] INFO:colcon.colcon_core.shell:Creating environment hook '/home/admin/Desktop/CSE180/install/lab1/share/lab1/hook/cmake_prefix_path.ps1'
[46.531s] INFO:colcon.colcon_core.shell:Creating environment descriptor '/home/admin/Desktop/CSE180/install/lab1/share/lab1/hook/cmake_prefix_path.dsv'
[46.531s] INFO:colcon.colcon_core.shell:Creating environment hook '/home/admin/Desktop/CSE180/install/lab1/share/lab1/hook/cmake_prefix_path.sh'
[46.533s] Level 1:colcon.colcon_core.environment:checking '/home/admin/Desktop/CSE180/install/lab1/lib'
[46.533s] Level 1:colcon.colcon_core.environment:checking '/home/admin/Desktop/CSE180/install/lab1/bin'
[46.533s] Level 1:colcon.colcon_core.environment:checking '/home/admin/Desktop/CSE180/install/lab1/lib/pkgconfig/lab1.pc'
[46.533s] Level 1:colcon.colcon_core.environment:checking '/home/admin/Desktop/CSE180/install/lab1/lib/python3.8/site-packages'
[46.534s] Level 1:colcon.colcon_core.environment:checking '/home/admin/Desktop/CSE180/install/lab1/bin'
[46.538s] INFO:colcon.colcon_core.shell:Creating package script '/home/admin/Desktop/CSE180/install/lab1/share/lab1/package.ps1'
[46.540s] INFO:colcon.colcon_core.shell:Creating package descriptor '/home/admin/Desktop/CSE180/install/lab1/share/lab1/package.dsv'
[46.549s] INFO:colcon.colcon_core.shell:Creating package script '/home/admin/Desktop/CSE180/install/lab1/share/lab1/package.sh'
[46.550s] INFO:colcon.colcon_core.shell:Creating package script '/home/admin/Desktop/CSE180/install/lab1/share/lab1/package.bash'
[46.551s] INFO:colcon.colcon_core.shell:Creating package script '/home/admin/Desktop/CSE180/install/lab1/share/lab1/package.zsh'
[46.556s] Level 1:colcon.colcon_core.environment:create_file_with_runtime_dependencies(/home/admin/Desktop/CSE180/install/lab1/share/colcon-core/packages/lab1)
[46.751s] Level 1:colcon.colcon_core.environment:create_environment_scripts_only(lab1)
[46.758s] Level 1:colcon.colcon_core.environment:checking '/home/admin/Desktop/CSE180/install/lab1' for CMake module files
[46.760s] Level 1:colcon.colcon_core.environment:checking '/home/admin/Desktop/CSE180/install/lab1' for CMake config files
[46.761s] Level 1:colcon.colcon_core.shell:create_environment_hook('lab1', 'cmake_prefix_path')
[46.764s] INFO:colcon.colcon_core.shell:Creating environment hook '/home/admin/Desktop/CSE180/install/lab1/share/lab1/hook/cmake_prefix_path.ps1'
[46.765s] INFO:colcon.colcon_core.shell:Creating environment descriptor '/home/admin/Desktop/CSE180/install/lab1/share/lab1/hook/cmake_prefix_path.dsv'
[46.765s] INFO:colcon.colcon_core.shell:Creating environment hook '/home/admin/Desktop/CSE180/install/lab1/share/lab1/hook/cmake_prefix_path.sh'
[46.769s] Level 1:colcon.colcon_core.environment:checking '/home/admin/Desktop/CSE180/install/lab1/lib'
[46.770s] Level 1:colcon.colcon_core.environment:checking '/home/admin/Desktop/CSE180/install/lab1/bin'
[46.770s] Level 1:colcon.colcon_core.environment:checking '/home/admin/Desktop/CSE180/install/lab1/lib/pkgconfig/lab1.pc'
[46.770s] Level 1:colcon.colcon_core.environment:checking '/home/admin/Desktop/CSE180/install/lab1/lib/python3.8/site-packages'
[46.771s] Level 1:colcon.colcon_core.environment:checking '/home/admin/Desktop/CSE180/install/lab1/bin'
[46.775s] INFO:colcon.colcon_core.shell:Creating package script '/home/admin/Desktop/CSE180/install/lab1/share/lab1/package.ps1'
[46.783s] INFO:colcon.colcon_core.shell:Creating package descriptor '/home/admin/Desktop/CSE180/install/lab1/share/lab1/package.dsv'
[46.786s] INFO:colcon.colcon_core.shell:Creating package script '/home/admin/Desktop/CSE180/install/lab1/share/lab1/package.sh'
[46.790s] INFO:colcon.colcon_core.shell:Creating package script '/home/admin/Desktop/CSE180/install/lab1/share/lab1/package.bash'
[46.835s] INFO:colcon.colcon_core.shell:Creating package script '/home/admin/Desktop/CSE180/install/lab1/share/lab1/package.zsh'
[46.837s] Level 1:colcon.colcon_core.environment:create_file_with_runtime_dependencies(/home/admin/Desktop/CSE180/install/lab1/share/colcon-core/packages/lab1)
[46.839s] DEBUG:colcon.colcon_parallel_executor.executor.parallel:closing loop
[46.839s] DEBUG:colcon.colcon_parallel_executor.executor.parallel:loop closed
[46.840s] DEBUG:colcon.colcon_parallel_executor.executor.parallel:run_until_complete finished with '0'
[46.840s] DEBUG:colcon.colcon_core.event_reactor:joining thread
[46.863s] INFO:colcon.colcon_core.plugin_system:Skipping extension 'colcon_notification.desktop_notification.terminal_notifier': Not used on non-Darwin systems
[46.863s] INFO:colcon.colcon_core.plugin_system:Skipping extension 'colcon_notification.desktop_notification.win32': Not used on non-Windows systems
[46.863s] INFO:colcon.colcon_notification.desktop_notification:Sending desktop notification using 'notify2'
[46.955s] DEBUG:colcon.colcon_core.event_reactor:joined thread
[46.959s] INFO:colcon.colcon_core.shell:Creating prefix script '/home/admin/Desktop/CSE180/install/local_setup.ps1'
[46.963s] INFO:colcon.colcon_core.shell:Creating prefix util module '/home/admin/Desktop/CSE180/install/_local_setup_util_ps1.py'
[46.966s] INFO:colcon.colcon_core.shell:Creating prefix chain script '/home/admin/Desktop/CSE180/install/setup.ps1'
[46.970s] INFO:colcon.colcon_core.shell:Creating prefix script '/home/admin/Desktop/CSE180/install/local_setup.sh'
[46.971s] INFO:colcon.colcon_core.shell:Creating prefix util module '/home/admin/Desktop/CSE180/install/_local_setup_util_sh.py'
[46.972s] INFO:colcon.colcon_core.shell:Creating prefix chain script '/home/admin/Desktop/CSE180/install/setup.sh'
[47.010s] INFO:colcon.colcon_core.shell:Creating prefix script '/home/admin/Desktop/CSE180/install/local_setup.bash'
[47.011s] INFO:colcon.colcon_core.shell:Creating prefix chain script '/home/admin/Desktop/CSE180/install/setup.bash'
[47.060s] INFO:colcon.colcon_core.shell:Creating prefix script '/home/admin/Desktop/CSE180/install/local_setup.zsh'
[47.061s] INFO:colcon.colcon_core.shell:Creating prefix chain script '/home/admin/Desktop/CSE180/install/setup.zsh'
