[ 50%] Built target intpublisher
[100%] Built target intsubscriber
-- Install configuration: ""
-- Up-to-date: /home/admin/Desktop/CSE180/install/lab1/lib/lab1/intpublisher
-- Up-to-date: /home/admin/Desktop/CSE180/install/lab1/lib/lab1/intsubscriber
-- Up-to-date: /home/admin/Desktop/CSE180/install/lab1/share/ament_index/resource_index/package_run_dependencies/lab1
-- Up-to-date: /home/admin/Desktop/CSE180/install/lab1/share/ament_index/resource_index/parent_prefix_path/lab1
-- Up-to-date: /home/admin/Desktop/CSE180/install/lab1/share/lab1/environment/ament_prefix_path.sh
-- Up-to-date: /home/admin/Desktop/CSE180/install/lab1/share/lab1/environment/ament_prefix_path.dsv
-- Up-to-date: /home/admin/Desktop/CSE180/install/lab1/share/lab1/environment/path.sh
-- Up-to-date: /home/admin/Desktop/CSE180/install/lab1/share/lab1/environment/path.dsv
-- Up-to-date: /home/admin/Desktop/CSE180/install/lab1/share/lab1/local_setup.bash
-- Up-to-date: /home/admin/Desktop/CSE180/install/lab1/share/lab1/local_setup.sh
-- Up-to-date: /home/admin/Desktop/CSE180/install/lab1/share/lab1/local_setup.zsh
-- Up-to-date: /home/admin/Desktop/CSE180/install/lab1/share/lab1/local_setup.dsv
-- Installing: /home/admin/Desktop/CSE180/install/lab1/share/lab1/package.dsv
-- Up-to-date: /home/admin/Desktop/CSE180/install/lab1/share/ament_index/resource_index/packages/lab1
-- Up-to-date: /home/admin/Desktop/CSE180/install/lab1/share/lab1/cmake/lab1Config.cmake
-- Up-to-date: /home/admin/Desktop/CSE180/install/lab1/share/lab1/cmake/lab1Config-version.cmake
-- Up-to-date: /home/admin/Desktop/CSE180/install/lab1/share/lab1/package.xml
