[0.127s] Invoking command in '/home/admin/Desktop/CSE180/build/lab2': CMAKE_PREFIX_PATH=${CMAKE_PREFIX_PATH}:/var/tmp/MRTP/MRTP/install/gazeboenvs:/opt/ros/foxy /usr/bin/cmake --build /home/admin/Desktop/CSE180/build/lab2 -- -j2 -l2
[0.416s] [35m[1mScanning dependencies of target drawcircle[0m
[0.797s] [ 50%] [32mBuilding CXX object CMakeFiles/drawcircle.dir/src/moveturtle.cpp.o[0m
[18.725s] [100%] [32m[1mLinking CXX executable drawcircle[0m
[19.729s] [100%] Built target drawcircle
[19.838s] Invoked command in '/home/admin/Desktop/CSE180/build/lab2' returned '0': CMAKE_PREFIX_PATH=${CMAKE_PREFIX_PATH}:/var/tmp/MRTP/MRTP/install/gazeboenvs:/opt/ros/foxy /usr/bin/cmake --build /home/admin/Desktop/CSE180/build/lab2 -- -j2 -l2
[19.974s] Invoking command in '/home/admin/Desktop/CSE180/build/lab2': CMAKE_PREFIX_PATH=${CMAKE_PREFIX_PATH}:/var/tmp/MRTP/MRTP/install/gazeboenvs:/opt/ros/foxy /usr/bin/cmake --install /home/admin/Desktop/CSE180/build/lab2
[20.001s] -- Install configuration: ""
[20.004s] -- Installing: /home/admin/Desktop/CSE180/install/lab2/lib/lab2/drawcircle
[20.093s] -- Set runtime path of "/home/admin/Desktop/CSE180/install/lab2/lib/lab2/drawcircle" to ""
[20.093s] -- Up-to-date: /home/admin/Desktop/CSE180/install/lab2/share/ament_index/resource_index/package_run_dependencies/lab2
[20.093s] -- Up-to-date: /home/admin/Desktop/CSE180/install/lab2/share/ament_index/resource_index/parent_prefix_path/lab2
[20.093s] -- Up-to-date: /home/admin/Desktop/CSE180/install/lab2/share/lab2/environment/ament_prefix_path.sh
[20.094s] -- Up-to-date: /home/admin/Desktop/CSE180/install/lab2/share/lab2/environment/ament_prefix_path.dsv
[20.094s] -- Up-to-date: /home/admin/Desktop/CSE180/install/lab2/share/lab2/environment/path.sh
[20.094s] -- Up-to-date: /home/admin/Desktop/CSE180/install/lab2/share/lab2/environment/path.dsv
[20.095s] -- Up-to-date: /home/admin/Desktop/CSE180/install/lab2/share/lab2/local_setup.bash
[20.095s] -- Up-to-date: /home/admin/Desktop/CSE180/install/lab2/share/lab2/local_setup.sh
[20.095s] -- Up-to-date: /home/admin/Desktop/CSE180/install/lab2/share/lab2/local_setup.zsh
[20.096s] -- Up-to-date: /home/admin/Desktop/CSE180/install/lab2/share/lab2/local_setup.dsv
[20.096s] -- Installing: /home/admin/Desktop/CSE180/install/lab2/share/lab2/package.dsv
[20.096s] -- Up-to-date: /home/admin/Desktop/CSE180/install/lab2/share/ament_index/resource_index/packages/lab2
[20.096s] -- Up-to-date: /home/admin/Desktop/CSE180/install/lab2/share/lab2/cmake/lab2Config.cmake
[20.096s] -- Up-to-date: /home/admin/Desktop/CSE180/install/lab2/share/lab2/cmake/lab2Config-version.cmake
[20.096s] -- Up-to-date: /home/admin/Desktop/CSE180/install/lab2/share/lab2/package.xml
[20.103s] Invoked command in '/home/admin/Desktop/CSE180/build/lab2' returned '0': CMAKE_PREFIX_PATH=${CMAKE_PREFIX_PATH}:/var/tmp/MRTP/MRTP/install/gazeboenvs:/opt/ros/foxy /usr/bin/cmake --install /home/admin/Desktop/CSE180/build/lab2
