[0.074s] Invoking command in '/home/admin/Desktop/CSE180/build/lab2': CMAKE_PREFIX_PATH=/opt/ros/foxy /usr/bin/cmake --build /home/admin/Desktop/CSE180/build/lab2 -- -j2 -l2
[0.721s] [100%] Built target drawcircle
[0.799s] Invoked command in '/home/admin/Desktop/CSE180/build/lab2' returned '0': CMAKE_PREFIX_PATH=/opt/ros/foxy /usr/bin/cmake --build /home/admin/Desktop/CSE180/build/lab2 -- -j2 -l2
[1.024s] Invoking command in '/home/admin/Desktop/CSE180/build/lab2': CMAKE_PREFIX_PATH=/opt/ros/foxy /usr/bin/cmake --install /home/admin/Desktop/CSE180/build/lab2
[1.066s] -- Install configuration: ""
[1.124s] -- Up-to-date: /home/admin/Desktop/CSE180/install/lab2/lib/lab2/drawcircle
[1.126s] -- Up-to-date: /home/admin/Desktop/CSE180/install/lab2/share/ament_index/resource_index/package_run_dependencies/lab2
[1.126s] -- Up-to-date: /home/admin/Desktop/CSE180/install/lab2/share/ament_index/resource_index/parent_prefix_path/lab2
[1.127s] -- Up-to-date: /home/admin/Desktop/CSE180/install/lab2/share/lab2/environment/ament_prefix_path.sh
[1.127s] -- Up-to-date: /home/admin/Desktop/CSE180/install/lab2/share/lab2/environment/ament_prefix_path.dsv
[1.128s] -- Up-to-date: /home/admin/Desktop/CSE180/install/lab2/share/lab2/environment/path.sh
[1.128s] -- Up-to-date: /home/admin/Desktop/CSE180/install/lab2/share/lab2/environment/path.dsv
[1.128s] -- Up-to-date: /home/admin/Desktop/CSE180/install/lab2/share/lab2/local_setup.bash
[1.129s] -- Up-to-date: /home/admin/Desktop/CSE180/install/lab2/share/lab2/local_setup.sh
[1.130s] -- Up-to-date: /home/admin/Desktop/CSE180/install/lab2/share/lab2/local_setup.zsh
[1.130s] -- Up-to-date: /home/admin/Desktop/CSE180/install/lab2/share/lab2/local_setup.dsv
[1.130s] -- Installing: /home/admin/Desktop/CSE180/install/lab2/share/lab2/package.dsv
[1.131s] -- Up-to-date: /home/admin/Desktop/CSE180/install/lab2/share/ament_index/resource_index/packages/lab2
[1.131s] -- Up-to-date: /home/admin/Desktop/CSE180/install/lab2/share/lab2/cmake/lab2Config.cmake
[1.133s] -- Up-to-date: /home/admin/Desktop/CSE180/install/lab2/share/lab2/cmake/lab2Config-version.cmake
[1.134s] -- Up-to-date: /home/admin/Desktop/CSE180/install/lab2/share/lab2/package.xml
[1.234s] Invoked command in '/home/admin/Desktop/CSE180/build/lab2' returned '0': CMAKE_PREFIX_PATH=/opt/ros/foxy /usr/bin/cmake --install /home/admin/Desktop/CSE180/build/lab2
