[0.216s] Invoking command in '/home/admin/Desktop/CSE180/build/lab1': CMAKE_PREFIX_PATH=${CMAKE_PREFIX_PATH}:/var/tmp/MRTP/MRTP/install/gazeboenvs:/opt/ros/foxy /usr/bin/cmake --build /home/admin/Desktop/CSE180/build/lab1 -- -j2 -l2
[0.635s] [ 50%] Built target intsubscriber
[0.658s] [100%] Built target intpublisher
[0.709s] Invoked command in '/home/admin/Desktop/CSE180/build/lab1' returned '0': CMAKE_PREFIX_PATH=${CMAKE_PREFIX_PATH}:/var/tmp/MRTP/MRTP/install/gazeboenvs:/opt/ros/foxy /usr/bin/cmake --build /home/admin/Desktop/CSE180/build/lab1 -- -j2 -l2
[1.107s] Invoking command in '/home/admin/Desktop/CSE180/build/lab1': CMAKE_PREFIX_PATH=${CMAKE_PREFIX_PATH}:/var/tmp/MRTP/MRTP/install/gazeboenvs:/opt/ros/foxy /usr/bin/cmake --install /home/admin/Desktop/CSE180/build/lab1
[1.189s] -- Install configuration: ""
[1.192s] -- Up-to-date: /home/admin/Desktop/CSE180/install/lab1/lib/lab1/intpublisher
[1.195s] -- Up-to-date: /home/admin/Desktop/CSE180/install/lab1/lib/lab1/intsubscriber
[1.196s] -- Up-to-date: /home/admin/Desktop/CSE180/install/lab1/share/ament_index/resource_index/package_run_dependencies/lab1
[1.197s] -- Up-to-date: /home/admin/Desktop/CSE180/install/lab1/share/ament_index/resource_index/parent_prefix_path/lab1
[1.197s] -- Up-to-date: /home/admin/Desktop/CSE180/install/lab1/share/lab1/environment/ament_prefix_path.sh
[1.198s] -- Up-to-date: /home/admin/Desktop/CSE180/install/lab1/share/lab1/environment/ament_prefix_path.dsv
[1.198s] -- Up-to-date: /home/admin/Desktop/CSE180/install/lab1/share/lab1/environment/path.sh
[1.198s] -- Up-to-date: /home/admin/Desktop/CSE180/install/lab1/share/lab1/environment/path.dsv
[1.199s] -- Up-to-date: /home/admin/Desktop/CSE180/install/lab1/share/lab1/local_setup.bash
[1.202s] -- Up-to-date: /home/admin/Desktop/CSE180/install/lab1/share/lab1/local_setup.sh
[1.202s] -- Up-to-date: /home/admin/Desktop/CSE180/install/lab1/share/lab1/local_setup.zsh
[1.202s] -- Up-to-date: /home/admin/Desktop/CSE180/install/lab1/share/lab1/local_setup.dsv
[1.203s] -- Installing: /home/admin/Desktop/CSE180/install/lab1/share/lab1/package.dsv
[1.203s] -- Up-to-date: /home/admin/Desktop/CSE180/install/lab1/share/ament_index/resource_index/packages/lab1
[1.203s] -- Up-to-date: /home/admin/Desktop/CSE180/install/lab1/share/lab1/cmake/lab1Config.cmake
[1.203s] -- Up-to-date: /home/admin/Desktop/CSE180/install/lab1/share/lab1/cmake/lab1Config-version.cmake
[1.203s] -- Up-to-date: /home/admin/Desktop/CSE180/install/lab1/share/lab1/package.xml
[1.211s] Invoked command in '/home/admin/Desktop/CSE180/build/lab1' returned '0': CMAKE_PREFIX_PATH=${CMAKE_PREFIX_PATH}:/var/tmp/MRTP/MRTP/install/gazeboenvs:/opt/ros/foxy /usr/bin/cmake --install /home/admin/Desktop/CSE180/build/lab1
