[0.733s] DEBUG:colcon:Command line arguments: ['/usr/bin/colcon', 'build']
[0.734s] DEBUG:colcon:Parsed command line arguments: Namespace(allow_overriding=[], ament_cmake_args=None, base_paths=['.'], build_base='build', catkin_cmake_args=None, catkin_skip_building_tests=False, cmake_args=None, cmake_clean_cache=False, cmake_clean_first=False, cmake_force_configure=False, cmake_target=None, cmake_target_skip_unavailable=False, continue_on_error=False, event_handlers=None, executor='parallel', ignore_user_meta=False, install_base='install', log_base=None, log_level=None, main=<bound method BuildVerb.main of <colcon_core.verb.build.BuildVerb object at 0x7fb9db88c8b0>>, merge_install=False, metas=['./colcon.meta'], packages_above=None, packages_above_and_dependencies=None, packages_above_depth=None, packages_end=None, packages_ignore=None, packages_ignore_regex=None, packages_select=None, packages_select_build_failed=False, packages_select_by_dep=None, packages_select_regex=None, packages_select_test_failures=False, packages_skip=None, packages_skip_build_finished=False, packages_skip_by_dep=None, packages_skip_regex=None, packages_skip_test_passed=False, packages_skip_up_to=None, packages_start=None, packages_up_to=None, packages_up_to_regex=None, parallel_workers=2, paths=None, symlink_install=False, test_result_base=None, verb_extension=<colcon_core.verb.build.BuildVerb object at 0x7fb9db88c8b0>, verb_name='build', verb_parser=<colcon_defaults.argument_parser.defaults.DefaultArgumentsDecorator object at 0x7fb9db88ce20>)
[0.859s] Level 1:colcon.colcon_core.package_discovery:discover_packages(colcon_meta) check parameters
[0.859s] Level 1:colcon.colcon_core.package_discovery:discover_packages(recursive) check parameters
[0.859s] Level 1:colcon.colcon_core.package_discovery:discover_packages(ignore) check parameters
[0.859s] Level 1:colcon.colcon_core.package_discovery:discover_packages(path) check parameters
[0.859s] Level 1:colcon.colcon_core.package_discovery:discover_packages(colcon_meta) discover
[0.859s] Level 1:colcon.colcon_core.package_discovery:discover_packages(recursive) discover
[0.860s] INFO:colcon.colcon_core.package_discovery:Crawling recursively for packages in '/home/admin/Desktop/CSE180'
[0.860s] Level 1:colcon.colcon_core.package_identification:_identify(.) by extensions ['ignore', 'ignore_ament_install']
[0.860s] Level 1:colcon.colcon_core.package_identification:_identify(.) by extension 'ignore'
[0.860s] Level 1:colcon.colcon_core.package_identification:_identify(.) by extension 'ignore_ament_install'
[0.860s] Level 1:colcon.colcon_core.package_identification:_identify(.) by extensions ['colcon_pkg']
[0.860s] Level 1:colcon.colcon_core.package_identification:_identify(.) by extension 'colcon_pkg'
[0.860s] Level 1:colcon.colcon_core.package_identification:_identify(.) by extensions ['colcon_meta']
[0.860s] Level 1:colcon.colcon_core.package_identification:_identify(.) by extension 'colcon_meta'
[0.860s] Level 1:colcon.colcon_core.package_identification:_identify(.) by extensions ['ros']
[0.860s] Level 1:colcon.colcon_core.package_identification:_identify(.) by extension 'ros'
[0.923s] Level 1:colcon.colcon_core.package_identification:_identify(.) by extensions ['cmake', 'python']
[0.923s] Level 1:colcon.colcon_core.package_identification:_identify(.) by extension 'cmake'
[0.923s] Level 1:colcon.colcon_core.package_identification:_identify(.) by extension 'python'
[0.923s] Level 1:colcon.colcon_core.package_identification:_identify(.) by extensions ['python_setup_py']
[0.924s] Level 1:colcon.colcon_core.package_identification:_identify(.) by extension 'python_setup_py'
[0.924s] Level 1:colcon.colcon_core.package_identification:_identify(build) by extensions ['ignore', 'ignore_ament_install']
[0.924s] Level 1:colcon.colcon_core.package_identification:_identify(build) by extension 'ignore'
[0.924s] Level 1:colcon.colcon_core.package_identification:_identify(build) ignored
[0.924s] Level 1:colcon.colcon_core.package_identification:_identify(install) by extensions ['ignore', 'ignore_ament_install']
[0.924s] Level 1:colcon.colcon_core.package_identification:_identify(install) by extension 'ignore'
[0.924s] Level 1:colcon.colcon_core.package_identification:_identify(install) ignored
[0.925s] Level 1:colcon.colcon_core.package_identification:_identify(log) by extensions ['ignore', 'ignore_ament_install']
[0.925s] Level 1:colcon.colcon_core.package_identification:_identify(log) by extension 'ignore'
[0.925s] Level 1:colcon.colcon_core.package_identification:_identify(log) ignored
[0.926s] Level 1:colcon.colcon_core.package_identification:_identify(src) by extensions ['ignore', 'ignore_ament_install']
[0.926s] Level 1:colcon.colcon_core.package_identification:_identify(src) by extension 'ignore'
[0.926s] Level 1:colcon.colcon_core.package_identification:_identify(src) by extension 'ignore_ament_install'
[0.927s] Level 1:colcon.colcon_core.package_identification:_identify(src) by extensions ['colcon_pkg']
[0.927s] Level 1:colcon.colcon_core.package_identification:_identify(src) by extension 'colcon_pkg'
[0.927s] Level 1:colcon.colcon_core.package_identification:_identify(src) by extensions ['colcon_meta']
[0.927s] Level 1:colcon.colcon_core.package_identification:_identify(src) by extension 'colcon_meta'
[0.927s] Level 1:colcon.colcon_core.package_identification:_identify(src) by extensions ['ros']
[0.927s] Level 1:colcon.colcon_core.package_identification:_identify(src) by extension 'ros'
[0.927s] Level 1:colcon.colcon_core.package_identification:_identify(src) by extensions ['cmake', 'python']
[0.927s] Level 1:colcon.colcon_core.package_identification:_identify(src) by extension 'cmake'
[0.927s] Level 1:colcon.colcon_core.package_identification:_identify(src) by extension 'python'
[0.927s] Level 1:colcon.colcon_core.package_identification:_identify(src) by extensions ['python_setup_py']
[0.927s] Level 1:colcon.colcon_core.package_identification:_identify(src) by extension 'python_setup_py'
[0.929s] Level 1:colcon.colcon_core.package_identification:_identify(src/lab1) by extensions ['ignore', 'ignore_ament_install']
[0.929s] Level 1:colcon.colcon_core.package_identification:_identify(src/lab1) by extension 'ignore'
[0.929s] Level 1:colcon.colcon_core.package_identification:_identify(src/lab1) by extension 'ignore_ament_install'
[0.929s] Level 1:colcon.colcon_core.package_identification:_identify(src/lab1) by extensions ['colcon_pkg']
[0.929s] Level 1:colcon.colcon_core.package_identification:_identify(src/lab1) by extension 'colcon_pkg'
[0.929s] Level 1:colcon.colcon_core.package_identification:_identify(src/lab1) by extensions ['colcon_meta']
[0.929s] Level 1:colcon.colcon_core.package_identification:_identify(src/lab1) by extension 'colcon_meta'
[0.929s] Level 1:colcon.colcon_core.package_identification:_identify(src/lab1) by extensions ['ros']
[0.929s] Level 1:colcon.colcon_core.package_identification:_identify(src/lab1) by extension 'ros'
[0.943s] DEBUG:colcon.colcon_core.package_identification:Package 'src/lab1' with type 'ros.ament_cmake' and name 'lab1'
[0.945s] Level 1:colcon.colcon_core.package_identification:_identify(src/lab2) by extensions ['ignore', 'ignore_ament_install']
[0.945s] Level 1:colcon.colcon_core.package_identification:_identify(src/lab2) by extension 'ignore'
[0.945s] Level 1:colcon.colcon_core.package_identification:_identify(src/lab2) by extension 'ignore_ament_install'
[0.946s] Level 1:colcon.colcon_core.package_identification:_identify(src/lab2) by extensions ['colcon_pkg']
[0.946s] Level 1:colcon.colcon_core.package_identification:_identify(src/lab2) by extension 'colcon_pkg'
[0.946s] Level 1:colcon.colcon_core.package_identification:_identify(src/lab2) by extensions ['colcon_meta']
[0.946s] Level 1:colcon.colcon_core.package_identification:_identify(src/lab2) by extension 'colcon_meta'
[0.946s] Level 1:colcon.colcon_core.package_identification:_identify(src/lab2) by extensions ['ros']
[0.946s] Level 1:colcon.colcon_core.package_identification:_identify(src/lab2) by extension 'ros'
[0.950s] DEBUG:colcon.colcon_core.package_identification:Package 'src/lab2' with type 'ros.ament_cmake' and name 'lab2'
[0.950s] Level 1:colcon.colcon_core.package_discovery:discover_packages(recursive) using defaults
[0.951s] Level 1:colcon.colcon_core.package_discovery:discover_packages(ignore) discover
[0.951s] Level 1:colcon.colcon_core.package_discovery:discover_packages(ignore) using defaults
[0.951s] Level 1:colcon.colcon_core.package_discovery:discover_packages(path) discover
[0.951s] Level 1:colcon.colcon_core.package_discovery:discover_packages(path) using defaults
[1.043s] Level 1:colcon.colcon_core.package_discovery:discover_packages(prefix_path) check parameters
[1.043s] Level 1:colcon.colcon_core.package_discovery:discover_packages(prefix_path) discover
[1.056s] DEBUG:colcon.colcon_installed_package_information.package_discovery:Found 286 installed packages in /opt/ros/foxy
[1.059s] Level 1:colcon.colcon_core.package_discovery:discover_packages(prefix_path) using defaults
[1.300s] Level 5:colcon.colcon_core.verb:set package 'lab1' build argument 'cmake_args' from command line to 'None'
[1.300s] Level 5:colcon.colcon_core.verb:set package 'lab1' build argument 'cmake_target' from command line to 'None'
[1.300s] Level 5:colcon.colcon_core.verb:set package 'lab1' build argument 'cmake_target_skip_unavailable' from command line to 'False'
[1.301s] Level 5:colcon.colcon_core.verb:set package 'lab1' build argument 'cmake_clean_cache' from command line to 'False'
[1.301s] Level 5:colcon.colcon_core.verb:set package 'lab1' build argument 'cmake_clean_first' from command line to 'False'
[1.301s] Level 5:colcon.colcon_core.verb:set package 'lab1' build argument 'cmake_force_configure' from command line to 'False'
[1.301s] Level 5:colcon.colcon_core.verb:set package 'lab1' build argument 'ament_cmake_args' from command line to 'None'
[1.301s] Level 5:colcon.colcon_core.verb:set package 'lab1' build argument 'catkin_cmake_args' from command line to 'None'
[1.301s] Level 5:colcon.colcon_core.verb:set package 'lab1' build argument 'catkin_skip_building_tests' from command line to 'False'
[1.301s] DEBUG:colcon.colcon_core.verb:Building package 'lab1' with the following arguments: {'ament_cmake_args': None, 'build_base': '/home/admin/Desktop/CSE180/build/lab1', 'catkin_cmake_args': None, 'catkin_skip_building_tests': False, 'cmake_args': None, 'cmake_clean_cache': False, 'cmake_clean_first': False, 'cmake_force_configure': False, 'cmake_target': None, 'cmake_target_skip_unavailable': False, 'install_base': '/home/admin/Desktop/CSE180/install/lab1', 'merge_install': False, 'path': '/home/admin/Desktop/CSE180/src/lab1', 'symlink_install': False, 'test_result_base': None}
[1.303s] Level 5:colcon.colcon_core.verb:set package 'lab2' build argument 'cmake_args' from command line to 'None'
[1.303s] Level 5:colcon.colcon_core.verb:set package 'lab2' build argument 'cmake_target' from command line to 'None'
[1.303s] Level 5:colcon.colcon_core.verb:set package 'lab2' build argument 'cmake_target_skip_unavailable' from command line to 'False'
[1.303s] Level 5:colcon.colcon_core.verb:set package 'lab2' build argument 'cmake_clean_cache' from command line to 'False'
[1.303s] Level 5:colcon.colcon_core.verb:set package 'lab2' build argument 'cmake_clean_first' from command line to 'False'
[1.303s] Level 5:colcon.colcon_core.verb:set package 'lab2' build argument 'cmake_force_configure' from command line to 'False'
[1.303s] Level 5:colcon.colcon_core.verb:set package 'lab2' build argument 'ament_cmake_args' from command line to 'None'
[1.303s] Level 5:colcon.colcon_core.verb:set package 'lab2' build argument 'catkin_cmake_args' from command line to 'None'
[1.303s] Level 5:colcon.colcon_core.verb:set package 'lab2' build argument 'catkin_skip_building_tests' from command line to 'False'
[1.303s] DEBUG:colcon.colcon_core.verb:Building package 'lab2' with the following arguments: {'ament_cmake_args': None, 'build_base': '/home/admin/Desktop/CSE180/build/lab2', 'catkin_cmake_args': None, 'catkin_skip_building_tests': False, 'cmake_args': None, 'cmake_clean_cache': False, 'cmake_clean_first': False, 'cmake_force_configure': False, 'cmake_target': None, 'cmake_target_skip_unavailable': False, 'install_base': '/home/admin/Desktop/CSE180/install/lab2', 'merge_install': False, 'path': '/home/admin/Desktop/CSE180/src/lab2', 'symlink_install': False, 'test_result_base': None}
[1.305s] INFO:colcon.colcon_core.executor:Executing jobs using 'parallel' executor
[1.312s] DEBUG:colcon.colcon_parallel_executor.executor.parallel:run_until_complete
[1.313s] INFO:colcon.colcon_ros.task.ament_cmake.build:Building ROS package in '/home/admin/Desktop/CSE180/src/lab1' with build type 'ament_cmake'
[1.313s] INFO:colcon.colcon_cmake.task.cmake.build:Building CMake package in '/home/admin/Desktop/CSE180/src/lab1'
[1.347s] INFO:colcon.colcon_core.plugin_system:Skipping extension 'colcon_core.shell.bat': Not used on non-Windows systems
[1.347s] INFO:colcon.colcon_core.shell:Skip shell extension 'powershell' for command environment: Not usable outside of PowerShell
[1.348s] DEBUG:colcon.colcon_core.shell:Skip shell extension 'dsv' for command environment
[1.361s] INFO:colcon.colcon_ros.task.ament_cmake.build:Building ROS package in '/home/admin/Desktop/CSE180/src/lab2' with build type 'ament_cmake'
[1.362s] INFO:colcon.colcon_cmake.task.cmake.build:Building CMake package in '/home/admin/Desktop/CSE180/src/lab2'
[1.366s] INFO:colcon.colcon_core.shell:Skip shell extension 'powershell' for command environment: Not usable outside of PowerShell
[1.367s] DEBUG:colcon.colcon_core.shell:Skip shell extension 'dsv' for command environment
[1.464s] DEBUG:colcon.colcon_core.event_handler.log_command:Invoking command in '/home/admin/Desktop/CSE180/build/lab1': CMAKE_PREFIX_PATH=/opt/ros/foxy /usr/bin/cmake --build /home/admin/Desktop/CSE180/build/lab1 -- -j2 -l2
[1.598s] DEBUG:colcon.colcon_core.event_handler.log_command:Invoking command in '/home/admin/Desktop/CSE180/build/lab2': CMAKE_PREFIX_PATH=/opt/ros/foxy /usr/bin/cmake --build /home/admin/Desktop/CSE180/build/lab2 -- -j2 -l2
[2.175s] DEBUG:colcon.colcon_core.event_handler.log_command:Invoked command in '/home/admin/Desktop/CSE180/build/lab2' returned '0': CMAKE_PREFIX_PATH=/opt/ros/foxy /usr/bin/cmake --build /home/admin/Desktop/CSE180/build/lab2 -- -j2 -l2
[2.312s] DEBUG:colcon.colcon_core.event_handler.log_command:Invoking command in '/home/admin/Desktop/CSE180/build/lab2': CMAKE_PREFIX_PATH=/opt/ros/foxy /usr/bin/cmake --install /home/admin/Desktop/CSE180/build/lab2
[2.337s] DEBUG:colcon.colcon_core.event_handler.log_command:Invoked command in '/home/admin/Desktop/CSE180/build/lab1' returned '0': CMAKE_PREFIX_PATH=/opt/ros/foxy /usr/bin/cmake --build /home/admin/Desktop/CSE180/build/lab1 -- -j2 -l2
[2.382s] Level 1:colcon.colcon_core.environment:create_environment_scripts_only(lab2)
[2.384s] DEBUG:colcon.colcon_core.event_handler.log_command:Invoked command in '/home/admin/Desktop/CSE180/build/lab2' returned '0': CMAKE_PREFIX_PATH=/opt/ros/foxy /usr/bin/cmake --install /home/admin/Desktop/CSE180/build/lab2
[2.446s] Level 1:colcon.colcon_core.environment:checking '/home/admin/Desktop/CSE180/install/lab2' for CMake module files
[2.448s] Level 1:colcon.colcon_core.environment:checking '/home/admin/Desktop/CSE180/install/lab2' for CMake config files
[2.450s] Level 1:colcon.colcon_core.shell:create_environment_hook('lab2', 'cmake_prefix_path')
[2.456s] INFO:colcon.colcon_core.shell:Creating environment hook '/home/admin/Desktop/CSE180/install/lab2/share/lab2/hook/cmake_prefix_path.ps1'
[2.460s] INFO:colcon.colcon_core.shell:Creating environment descriptor '/home/admin/Desktop/CSE180/install/lab2/share/lab2/hook/cmake_prefix_path.dsv'
[2.464s] INFO:colcon.colcon_core.shell:Creating environment hook '/home/admin/Desktop/CSE180/install/lab2/share/lab2/hook/cmake_prefix_path.sh'
[2.471s] Level 1:colcon.colcon_core.environment:checking '/home/admin/Desktop/CSE180/install/lab2/lib'
[2.471s] Level 1:colcon.colcon_core.environment:checking '/home/admin/Desktop/CSE180/install/lab2/bin'
[2.471s] Level 1:colcon.colcon_core.environment:checking '/home/admin/Desktop/CSE180/install/lab2/lib/pkgconfig/lab2.pc'
[2.472s] Level 1:colcon.colcon_core.environment:checking '/home/admin/Desktop/CSE180/install/lab2/lib/python3.8/site-packages'
[2.472s] Level 1:colcon.colcon_core.environment:checking '/home/admin/Desktop/CSE180/install/lab2/bin'
[2.476s] INFO:colcon.colcon_core.shell:Creating package script '/home/admin/Desktop/CSE180/install/lab2/share/lab2/package.ps1'
[2.481s] INFO:colcon.colcon_core.shell:Creating package descriptor '/home/admin/Desktop/CSE180/install/lab2/share/lab2/package.dsv'
[2.485s] INFO:colcon.colcon_core.shell:Creating package script '/home/admin/Desktop/CSE180/install/lab2/share/lab2/package.sh'
[2.491s] INFO:colcon.colcon_core.shell:Creating package script '/home/admin/Desktop/CSE180/install/lab2/share/lab2/package.bash'
[2.497s] INFO:colcon.colcon_core.shell:Creating package script '/home/admin/Desktop/CSE180/install/lab2/share/lab2/package.zsh'
[2.509s] Level 1:colcon.colcon_core.environment:create_file_with_runtime_dependencies(/home/admin/Desktop/CSE180/install/lab2/share/colcon-core/packages/lab2)
[2.540s] DEBUG:colcon.colcon_core.event_handler.log_command:Invoking command in '/home/admin/Desktop/CSE180/build/lab1': CMAKE_PREFIX_PATH=/opt/ros/foxy /usr/bin/cmake --install /home/admin/Desktop/CSE180/build/lab1
[2.609s] Level 1:colcon.colcon_core.environment:create_environment_scripts_only(lab1)
[2.618s] DEBUG:colcon.colcon_core.event_handler.log_command:Invoked command in '/home/admin/Desktop/CSE180/build/lab1' returned '0': CMAKE_PREFIX_PATH=/opt/ros/foxy /usr/bin/cmake --install /home/admin/Desktop/CSE180/build/lab1
[2.625s] Level 1:colcon.colcon_core.environment:checking '/home/admin/Desktop/CSE180/install/lab1' for CMake module files
[2.629s] Level 1:colcon.colcon_core.environment:checking '/home/admin/Desktop/CSE180/install/lab1' for CMake config files
[2.636s] Level 1:colcon.colcon_core.shell:create_environment_hook('lab1', 'cmake_prefix_path')
[2.641s] INFO:colcon.colcon_core.shell:Creating environment hook '/home/admin/Desktop/CSE180/install/lab1/share/lab1/hook/cmake_prefix_path.ps1'
[2.653s] INFO:colcon.colcon_core.shell:Creating environment descriptor '/home/admin/Desktop/CSE180/install/lab1/share/lab1/hook/cmake_prefix_path.dsv'
[2.654s] INFO:colcon.colcon_core.shell:Creating environment hook '/home/admin/Desktop/CSE180/install/lab1/share/lab1/hook/cmake_prefix_path.sh'
[2.655s] Level 1:colcon.colcon_core.environment:checking '/home/admin/Desktop/CSE180/install/lab1/lib'
[2.656s] Level 1:colcon.colcon_core.environment:checking '/home/admin/Desktop/CSE180/install/lab1/bin'
[2.656s] Level 1:colcon.colcon_core.environment:checking '/home/admin/Desktop/CSE180/install/lab1/lib/pkgconfig/lab1.pc'
[2.656s] Level 1:colcon.colcon_core.environment:checking '/home/admin/Desktop/CSE180/install/lab1/lib/python3.8/site-packages'
[2.656s] Level 1:colcon.colcon_core.environment:checking '/home/admin/Desktop/CSE180/install/lab1/bin'
[2.659s] INFO:colcon.colcon_core.shell:Creating package script '/home/admin/Desktop/CSE180/install/lab1/share/lab1/package.ps1'
[2.660s] INFO:colcon.colcon_core.shell:Creating package descriptor '/home/admin/Desktop/CSE180/install/lab1/share/lab1/package.dsv'
[2.661s] INFO:colcon.colcon_core.shell:Creating package script '/home/admin/Desktop/CSE180/install/lab1/share/lab1/package.sh'
[2.662s] INFO:colcon.colcon_core.shell:Creating package script '/home/admin/Desktop/CSE180/install/lab1/share/lab1/package.bash'
[2.663s] INFO:colcon.colcon_core.shell:Creating package script '/home/admin/Desktop/CSE180/install/lab1/share/lab1/package.zsh'
[2.664s] Level 1:colcon.colcon_core.environment:create_file_with_runtime_dependencies(/home/admin/Desktop/CSE180/install/lab1/share/colcon-core/packages/lab1)
[2.676s] Level 1:colcon.colcon_core.environment:create_environment_scripts_only(lab2)
[2.680s] Level 1:colcon.colcon_core.environment:checking '/home/admin/Desktop/CSE180/install/lab2' for CMake module files
[2.681s] Level 1:colcon.colcon_core.environment:checking '/home/admin/Desktop/CSE180/install/lab2' for CMake config files
[2.681s] Level 1:colcon.colcon_core.shell:create_environment_hook('lab2', 'cmake_prefix_path')
[2.684s] INFO:colcon.colcon_core.shell:Creating environment hook '/home/admin/Desktop/CSE180/install/lab2/share/lab2/hook/cmake_prefix_path.ps1'
[2.685s] INFO:colcon.colcon_core.shell:Creating environment descriptor '/home/admin/Desktop/CSE180/install/lab2/share/lab2/hook/cmake_prefix_path.dsv'
[2.689s] INFO:colcon.colcon_core.shell:Creating environment hook '/home/admin/Desktop/CSE180/install/lab2/share/lab2/hook/cmake_prefix_path.sh'
[2.693s] Level 1:colcon.colcon_core.environment:checking '/home/admin/Desktop/CSE180/install/lab2/lib'
[2.693s] Level 1:colcon.colcon_core.environment:checking '/home/admin/Desktop/CSE180/install/lab2/bin'
[2.693s] Level 1:colcon.colcon_core.environment:checking '/home/admin/Desktop/CSE180/install/lab2/lib/pkgconfig/lab2.pc'
[2.694s] Level 1:colcon.colcon_core.environment:checking '/home/admin/Desktop/CSE180/install/lab2/lib/python3.8/site-packages'
[2.695s] Level 1:colcon.colcon_core.environment:checking '/home/admin/Desktop/CSE180/install/lab2/bin'
[2.701s] INFO:colcon.colcon_core.shell:Creating package script '/home/admin/Desktop/CSE180/install/lab2/share/lab2/package.ps1'
[2.703s] INFO:colcon.colcon_core.shell:Creating package descriptor '/home/admin/Desktop/CSE180/install/lab2/share/lab2/package.dsv'
[2.705s] INFO:colcon.colcon_core.shell:Creating package script '/home/admin/Desktop/CSE180/install/lab2/share/lab2/package.sh'
[2.707s] INFO:colcon.colcon_core.shell:Creating package script '/home/admin/Desktop/CSE180/install/lab2/share/lab2/package.bash'
[2.707s] INFO:colcon.colcon_core.shell:Creating package script '/home/admin/Desktop/CSE180/install/lab2/share/lab2/package.zsh'
[2.708s] Level 1:colcon.colcon_core.environment:create_file_with_runtime_dependencies(/home/admin/Desktop/CSE180/install/lab2/share/colcon-core/packages/lab2)
[2.770s] Level 1:colcon.colcon_core.environment:create_environment_scripts_only(lab1)
[2.778s] Level 1:colcon.colcon_core.environment:checking '/home/admin/Desktop/CSE180/install/lab1' for CMake module files
[2.783s] Level 1:colcon.colcon_core.environment:checking '/home/admin/Desktop/CSE180/install/lab1' for CMake config files
[2.785s] Level 1:colcon.colcon_core.shell:create_environment_hook('lab1', 'cmake_prefix_path')
[2.795s] INFO:colcon.colcon_core.shell:Creating environment hook '/home/admin/Desktop/CSE180/install/lab1/share/lab1/hook/cmake_prefix_path.ps1'
[2.796s] INFO:colcon.colcon_core.shell:Creating environment descriptor '/home/admin/Desktop/CSE180/install/lab1/share/lab1/hook/cmake_prefix_path.dsv'
[2.808s] INFO:colcon.colcon_core.shell:Creating environment hook '/home/admin/Desktop/CSE180/install/lab1/share/lab1/hook/cmake_prefix_path.sh'
[2.812s] Level 1:colcon.colcon_core.environment:checking '/home/admin/Desktop/CSE180/install/lab1/lib'
[2.814s] Level 1:colcon.colcon_core.environment:checking '/home/admin/Desktop/CSE180/install/lab1/bin'
[2.814s] Level 1:colcon.colcon_core.environment:checking '/home/admin/Desktop/CSE180/install/lab1/lib/pkgconfig/lab1.pc'
[2.814s] Level 1:colcon.colcon_core.environment:checking '/home/admin/Desktop/CSE180/install/lab1/lib/python3.8/site-packages'
[2.815s] Level 1:colcon.colcon_core.environment:checking '/home/admin/Desktop/CSE180/install/lab1/bin'
[2.819s] INFO:colcon.colcon_core.shell:Creating package script '/home/admin/Desktop/CSE180/install/lab1/share/lab1/package.ps1'
[2.820s] INFO:colcon.colcon_core.shell:Creating package descriptor '/home/admin/Desktop/CSE180/install/lab1/share/lab1/package.dsv'
[2.821s] INFO:colcon.colcon_core.shell:Creating package script '/home/admin/Desktop/CSE180/install/lab1/share/lab1/package.sh'
[2.822s] INFO:colcon.colcon_core.shell:Creating package script '/home/admin/Desktop/CSE180/install/lab1/share/lab1/package.bash'
[2.823s] INFO:colcon.colcon_core.shell:Creating package script '/home/admin/Desktop/CSE180/install/lab1/share/lab1/package.zsh'
[2.826s] Level 1:colcon.colcon_core.environment:create_file_with_runtime_dependencies(/home/admin/Desktop/CSE180/install/lab1/share/colcon-core/packages/lab1)
[2.830s] DEBUG:colcon.colcon_parallel_executor.executor.parallel:closing loop
[2.830s] DEBUG:colcon.colcon_parallel_executor.executor.parallel:loop closed
[2.831s] DEBUG:colcon.colcon_parallel_executor.executor.parallel:run_until_complete finished with '0'
[2.831s] DEBUG:colcon.colcon_core.event_reactor:joining thread
[2.894s] INFO:colcon.colcon_core.plugin_system:Skipping extension 'colcon_notification.desktop_notification.terminal_notifier': Not used on non-Darwin systems
[2.895s] INFO:colcon.colcon_core.plugin_system:Skipping extension 'colcon_notification.desktop_notification.win32': Not used on non-Windows systems
[2.895s] INFO:colcon.colcon_notification.desktop_notification:Sending desktop notification using 'notify2'
[2.967s] DEBUG:colcon.colcon_core.event_reactor:joined thread
[2.970s] INFO:colcon.colcon_core.shell:Creating prefix script '/home/admin/Desktop/CSE180/install/local_setup.ps1'
[2.973s] INFO:colcon.colcon_core.shell:Creating prefix util module '/home/admin/Desktop/CSE180/install/_local_setup_util_ps1.py'
[2.977s] INFO:colcon.colcon_core.shell:Creating prefix chain script '/home/admin/Desktop/CSE180/install/setup.ps1'
[2.983s] INFO:colcon.colcon_core.shell:Creating prefix script '/home/admin/Desktop/CSE180/install/local_setup.sh'
[2.987s] INFO:colcon.colcon_core.shell:Creating prefix util module '/home/admin/Desktop/CSE180/install/_local_setup_util_sh.py'
[2.990s] INFO:colcon.colcon_core.shell:Creating prefix chain script '/home/admin/Desktop/CSE180/install/setup.sh'
[2.997s] INFO:colcon.colcon_core.shell:Creating prefix script '/home/admin/Desktop/CSE180/install/local_setup.bash'
[3.003s] INFO:colcon.colcon_core.shell:Creating prefix chain script '/home/admin/Desktop/CSE180/install/setup.bash'
[3.014s] INFO:colcon.colcon_core.shell:Creating prefix script '/home/admin/Desktop/CSE180/install/local_setup.zsh'
[3.020s] INFO:colcon.colcon_core.shell:Creating prefix chain script '/home/admin/Desktop/CSE180/install/setup.zsh'
