[0.355s] DEBUG:colcon:Command line arguments: ['/usr/bin/colcon', 'build']
[0.355s] DEBUG:colcon:Parsed command line arguments: Namespace(allow_overriding=[], ament_cmake_args=None, base_paths=['.'], build_base='build', catkin_cmake_args=None, catkin_skip_building_tests=False, cmake_args=None, cmake_clean_cache=False, cmake_clean_first=False, cmake_force_configure=False, cmake_target=None, cmake_target_skip_unavailable=False, continue_on_error=False, event_handlers=None, executor='parallel', ignore_user_meta=False, install_base='install', log_base=None, log_level=None, main=<bound method BuildVerb.main of <colcon_core.verb.build.BuildVerb object at 0x7f76892c09a0>>, merge_install=False, metas=['./colcon.meta'], packages_above=None, packages_above_and_dependencies=None, packages_above_depth=None, packages_end=None, packages_ignore=None, packages_ignore_regex=None, packages_select=None, packages_select_build_failed=False, packages_select_by_dep=None, packages_select_regex=None, packages_select_test_failures=False, packages_skip=None, packages_skip_build_finished=False, packages_skip_by_dep=None, packages_skip_regex=None, packages_skip_test_passed=False, packages_skip_up_to=None, packages_start=None, packages_up_to=None, packages_up_to_regex=None, parallel_workers=2, paths=None, symlink_install=False, test_result_base=None, verb_extension=<colcon_core.verb.build.BuildVerb object at 0x7f76892c09a0>, verb_name='build', verb_parser=<colcon_defaults.argument_parser.defaults.DefaultArgumentsDecorator object at 0x7f76892c0f10>)
[0.401s] Level 1:colcon.colcon_core.package_discovery:discover_packages(colcon_meta) check parameters
[0.401s] Level 1:colcon.colcon_core.package_discovery:discover_packages(recursive) check parameters
[0.401s] Level 1:colcon.colcon_core.package_discovery:discover_packages(ignore) check parameters
[0.401s] Level 1:colcon.colcon_core.package_discovery:discover_packages(path) check parameters
[0.401s] Level 1:colcon.colcon_core.package_discovery:discover_packages(colcon_meta) discover
[0.401s] Level 1:colcon.colcon_core.package_discovery:discover_packages(recursive) discover
[0.402s] INFO:colcon.colcon_core.package_discovery:Crawling recursively for packages in '/home/admin/Desktop/CSE180'
[0.402s] Level 1:colcon.colcon_core.package_identification:_identify(.) by extensions ['ignore', 'ignore_ament_install']
[0.402s] Level 1:colcon.colcon_core.package_identification:_identify(.) by extension 'ignore'
[0.402s] Level 1:colcon.colcon_core.package_identification:_identify(.) by extension 'ignore_ament_install'
[0.402s] Level 1:colcon.colcon_core.package_identification:_identify(.) by extensions ['colcon_pkg']
[0.402s] Level 1:colcon.colcon_core.package_identification:_identify(.) by extension 'colcon_pkg'
[0.402s] Level 1:colcon.colcon_core.package_identification:_identify(.) by extensions ['colcon_meta']
[0.402s] Level 1:colcon.colcon_core.package_identification:_identify(.) by extension 'colcon_meta'
[0.402s] Level 1:colcon.colcon_core.package_identification:_identify(.) by extensions ['ros']
[0.402s] Level 1:colcon.colcon_core.package_identification:_identify(.) by extension 'ros'
[0.426s] Level 1:colcon.colcon_core.package_identification:_identify(.) by extensions ['cmake', 'python']
[0.426s] Level 1:colcon.colcon_core.package_identification:_identify(.) by extension 'cmake'
[0.426s] Level 1:colcon.colcon_core.package_identification:_identify(.) by extension 'python'
[0.426s] Level 1:colcon.colcon_core.package_identification:_identify(.) by extensions ['python_setup_py']
[0.427s] Level 1:colcon.colcon_core.package_identification:_identify(.) by extension 'python_setup_py'
[0.427s] Level 1:colcon.colcon_core.package_identification:_identify(build) by extensions ['ignore', 'ignore_ament_install']
[0.427s] Level 1:colcon.colcon_core.package_identification:_identify(build) by extension 'ignore'
[0.427s] Level 1:colcon.colcon_core.package_identification:_identify(build) ignored
[0.427s] Level 1:colcon.colcon_core.package_identification:_identify(install) by extensions ['ignore', 'ignore_ament_install']
[0.427s] Level 1:colcon.colcon_core.package_identification:_identify(install) by extension 'ignore'
[0.427s] Level 1:colcon.colcon_core.package_identification:_identify(install) ignored
[0.428s] Level 1:colcon.colcon_core.package_identification:_identify(log) by extensions ['ignore', 'ignore_ament_install']
[0.428s] Level 1:colcon.colcon_core.package_identification:_identify(log) by extension 'ignore'
[0.428s] Level 1:colcon.colcon_core.package_identification:_identify(log) ignored
[0.428s] Level 1:colcon.colcon_core.package_identification:_identify(src) by extensions ['ignore', 'ignore_ament_install']
[0.428s] Level 1:colcon.colcon_core.package_identification:_identify(src) by extension 'ignore'
[0.428s] Level 1:colcon.colcon_core.package_identification:_identify(src) by extension 'ignore_ament_install'
[0.428s] Level 1:colcon.colcon_core.package_identification:_identify(src) by extensions ['colcon_pkg']
[0.428s] Level 1:colcon.colcon_core.package_identification:_identify(src) by extension 'colcon_pkg'
[0.428s] Level 1:colcon.colcon_core.package_identification:_identify(src) by extensions ['colcon_meta']
[0.428s] Level 1:colcon.colcon_core.package_identification:_identify(src) by extension 'colcon_meta'
[0.428s] Level 1:colcon.colcon_core.package_identification:_identify(src) by extensions ['ros']
[0.428s] Level 1:colcon.colcon_core.package_identification:_identify(src) by extension 'ros'
[0.429s] Level 1:colcon.colcon_core.package_identification:_identify(src) by extensions ['cmake', 'python']
[0.429s] Level 1:colcon.colcon_core.package_identification:_identify(src) by extension 'cmake'
[0.429s] Level 1:colcon.colcon_core.package_identification:_identify(src) by extension 'python'
[0.429s] Level 1:colcon.colcon_core.package_identification:_identify(src) by extensions ['python_setup_py']
[0.429s] Level 1:colcon.colcon_core.package_identification:_identify(src) by extension 'python_setup_py'
[0.429s] Level 1:colcon.colcon_core.package_identification:_identify(src/lab1) by extensions ['ignore', 'ignore_ament_install']
[0.429s] Level 1:colcon.colcon_core.package_identification:_identify(src/lab1) by extension 'ignore'
[0.429s] Level 1:colcon.colcon_core.package_identification:_identify(src/lab1) by extension 'ignore_ament_install'
[0.429s] Level 1:colcon.colcon_core.package_identification:_identify(src/lab1) by extensions ['colcon_pkg']
[0.429s] Level 1:colcon.colcon_core.package_identification:_identify(src/lab1) by extension 'colcon_pkg'
[0.429s] Level 1:colcon.colcon_core.package_identification:_identify(src/lab1) by extensions ['colcon_meta']
[0.429s] Level 1:colcon.colcon_core.package_identification:_identify(src/lab1) by extension 'colcon_meta'
[0.430s] Level 1:colcon.colcon_core.package_identification:_identify(src/lab1) by extensions ['ros']
[0.430s] Level 1:colcon.colcon_core.package_identification:_identify(src/lab1) by extension 'ros'
[0.434s] DEBUG:colcon.colcon_core.package_identification:Package 'src/lab1' with type 'ros.ament_cmake' and name 'lab1'
[0.434s] Level 1:colcon.colcon_core.package_identification:_identify(src/lab2) by extensions ['ignore', 'ignore_ament_install']
[0.435s] Level 1:colcon.colcon_core.package_identification:_identify(src/lab2) by extension 'ignore'
[0.435s] Level 1:colcon.colcon_core.package_identification:_identify(src/lab2) by extension 'ignore_ament_install'
[0.435s] Level 1:colcon.colcon_core.package_identification:_identify(src/lab2) by extensions ['colcon_pkg']
[0.435s] Level 1:colcon.colcon_core.package_identification:_identify(src/lab2) by extension 'colcon_pkg'
[0.435s] Level 1:colcon.colcon_core.package_identification:_identify(src/lab2) by extensions ['colcon_meta']
[0.435s] Level 1:colcon.colcon_core.package_identification:_identify(src/lab2) by extension 'colcon_meta'
[0.435s] Level 1:colcon.colcon_core.package_identification:_identify(src/lab2) by extensions ['ros']
[0.435s] Level 1:colcon.colcon_core.package_identification:_identify(src/lab2) by extension 'ros'
[0.437s] DEBUG:colcon.colcon_core.package_identification:Package 'src/lab2' with type 'ros.ament_cmake' and name 'lab2'
[0.437s] Level 1:colcon.colcon_core.package_discovery:discover_packages(recursive) using defaults
[0.437s] Level 1:colcon.colcon_core.package_discovery:discover_packages(ignore) discover
[0.437s] Level 1:colcon.colcon_core.package_discovery:discover_packages(ignore) using defaults
[0.437s] Level 1:colcon.colcon_core.package_discovery:discover_packages(path) discover
[0.437s] Level 1:colcon.colcon_core.package_discovery:discover_packages(path) using defaults
[0.484s] Level 1:colcon.colcon_core.package_discovery:discover_packages(prefix_path) check parameters
[0.484s] Level 1:colcon.colcon_core.package_discovery:discover_packages(prefix_path) discover
[0.488s] DEBUG:colcon.colcon_installed_package_information.package_discovery:Found 2 installed packages in /home/admin/Desktop/CSE180/install
[0.491s] DEBUG:colcon.colcon_installed_package_information.package_discovery:Found 286 installed packages in /opt/ros/foxy
[0.496s] Level 1:colcon.colcon_core.package_discovery:discover_packages(prefix_path) using defaults
[0.639s] Level 5:colcon.colcon_core.verb:set package 'lab1' build argument 'cmake_args' from command line to 'None'
[0.639s] Level 5:colcon.colcon_core.verb:set package 'lab1' build argument 'cmake_target' from command line to 'None'
[0.640s] Level 5:colcon.colcon_core.verb:set package 'lab1' build argument 'cmake_target_skip_unavailable' from command line to 'False'
[0.640s] Level 5:colcon.colcon_core.verb:set package 'lab1' build argument 'cmake_clean_cache' from command line to 'False'
[0.640s] Level 5:colcon.colcon_core.verb:set package 'lab1' build argument 'cmake_clean_first' from command line to 'False'
[0.640s] Level 5:colcon.colcon_core.verb:set package 'lab1' build argument 'cmake_force_configure' from command line to 'False'
[0.640s] Level 5:colcon.colcon_core.verb:set package 'lab1' build argument 'ament_cmake_args' from command line to 'None'
[0.640s] Level 5:colcon.colcon_core.verb:set package 'lab1' build argument 'catkin_cmake_args' from command line to 'None'
[0.640s] Level 5:colcon.colcon_core.verb:set package 'lab1' build argument 'catkin_skip_building_tests' from command line to 'False'
[0.640s] DEBUG:colcon.colcon_core.verb:Building package 'lab1' with the following arguments: {'ament_cmake_args': None, 'build_base': '/home/admin/Desktop/CSE180/build/lab1', 'catkin_cmake_args': None, 'catkin_skip_building_tests': False, 'cmake_args': None, 'cmake_clean_cache': False, 'cmake_clean_first': False, 'cmake_force_configure': False, 'cmake_target': None, 'cmake_target_skip_unavailable': False, 'install_base': '/home/admin/Desktop/CSE180/install/lab1', 'merge_install': False, 'path': '/home/admin/Desktop/CSE180/src/lab1', 'symlink_install': False, 'test_result_base': None}
[0.642s] Level 5:colcon.colcon_core.verb:set package 'lab2' build argument 'cmake_args' from command line to 'None'
[0.642s] Level 5:colcon.colcon_core.verb:set package 'lab2' build argument 'cmake_target' from command line to 'None'
[0.642s] Level 5:colcon.colcon_core.verb:set package 'lab2' build argument 'cmake_target_skip_unavailable' from command line to 'False'
[0.642s] Level 5:colcon.colcon_core.verb:set package 'lab2' build argument 'cmake_clean_cache' from command line to 'False'
[0.642s] Level 5:colcon.colcon_core.verb:set package 'lab2' build argument 'cmake_clean_first' from command line to 'False'
[0.642s] Level 5:colcon.colcon_core.verb:set package 'lab2' build argument 'cmake_force_configure' from command line to 'False'
[0.642s] Level 5:colcon.colcon_core.verb:set package 'lab2' build argument 'ament_cmake_args' from command line to 'None'
[0.642s] Level 5:colcon.colcon_core.verb:set package 'lab2' build argument 'catkin_cmake_args' from command line to 'None'
[0.642s] Level 5:colcon.colcon_core.verb:set package 'lab2' build argument 'catkin_skip_building_tests' from command line to 'False'
[0.642s] DEBUG:colcon.colcon_core.verb:Building package 'lab2' with the following arguments: {'ament_cmake_args': None, 'build_base': '/home/admin/Desktop/CSE180/build/lab2', 'catkin_cmake_args': None, 'catkin_skip_building_tests': False, 'cmake_args': None, 'cmake_clean_cache': False, 'cmake_clean_first': False, 'cmake_force_configure': False, 'cmake_target': None, 'cmake_target_skip_unavailable': False, 'install_base': '/home/admin/Desktop/CSE180/install/lab2', 'merge_install': False, 'path': '/home/admin/Desktop/CSE180/src/lab2', 'symlink_install': False, 'test_result_base': None}
[0.643s] INFO:colcon.colcon_core.executor:Executing jobs using 'parallel' executor
[0.650s] DEBUG:colcon.colcon_parallel_executor.executor.parallel:run_until_complete
[0.650s] INFO:colcon.colcon_ros.task.ament_cmake.build:Building ROS package in '/home/admin/Desktop/CSE180/src/lab1' with build type 'ament_cmake'
[0.650s] INFO:colcon.colcon_cmake.task.cmake.build:Building CMake package in '/home/admin/Desktop/CSE180/src/lab1'
[0.659s] INFO:colcon.colcon_core.plugin_system:Skipping extension 'colcon_core.shell.bat': Not used on non-Windows systems
[0.660s] INFO:colcon.colcon_core.shell:Skip shell extension 'powershell' for command environment: Not usable outside of PowerShell
[0.660s] DEBUG:colcon.colcon_core.shell:Skip shell extension 'dsv' for command environment
[0.671s] INFO:colcon.colcon_ros.task.ament_cmake.build:Building ROS package in '/home/admin/Desktop/CSE180/src/lab2' with build type 'ament_cmake'
[0.671s] INFO:colcon.colcon_cmake.task.cmake.build:Building CMake package in '/home/admin/Desktop/CSE180/src/lab2'
[0.674s] INFO:colcon.colcon_core.shell:Skip shell extension 'powershell' for command environment: Not usable outside of PowerShell
[0.674s] DEBUG:colcon.colcon_core.shell:Skip shell extension 'dsv' for command environment
[0.718s] DEBUG:colcon.colcon_core.event_handler.log_command:Invoking command in '/home/admin/Desktop/CSE180/build/lab1': CMAKE_PREFIX_PATH=${CMAKE_PREFIX_PATH}:/opt/ros/foxy /usr/bin/cmake --build /home/admin/Desktop/CSE180/build/lab1 -- -j2 -l2
[0.803s] DEBUG:colcon.colcon_core.event_handler.log_command:Invoking command in '/home/admin/Desktop/CSE180/build/lab2': CMAKE_PREFIX_PATH=${CMAKE_PREFIX_PATH}:/opt/ros/foxy /usr/bin/cmake --build /home/admin/Desktop/CSE180/build/lab2 -- -j2 -l2
[1.505s] DEBUG:colcon.colcon_core.event_handler.log_command:Invoked command in '/home/admin/Desktop/CSE180/build/lab1' returned '0': CMAKE_PREFIX_PATH=${CMAKE_PREFIX_PATH}:/opt/ros/foxy /usr/bin/cmake --build /home/admin/Desktop/CSE180/build/lab1 -- -j2 -l2
[1.727s] DEBUG:colcon.colcon_core.event_handler.log_command:Invoking command in '/home/admin/Desktop/CSE180/build/lab1': CMAKE_PREFIX_PATH=${CMAKE_PREFIX_PATH}:/opt/ros/foxy /usr/bin/cmake --install /home/admin/Desktop/CSE180/build/lab1
[1.780s] Level 1:colcon.colcon_core.environment:create_environment_scripts_only(lab1)
[1.786s] DEBUG:colcon.colcon_core.event_handler.log_command:Invoked command in '/home/admin/Desktop/CSE180/build/lab1' returned '0': CMAKE_PREFIX_PATH=${CMAKE_PREFIX_PATH}:/opt/ros/foxy /usr/bin/cmake --install /home/admin/Desktop/CSE180/build/lab1
[1.799s] Level 1:colcon.colcon_core.environment:checking '/home/admin/Desktop/CSE180/install/lab1' for CMake module files
[1.800s] Level 1:colcon.colcon_core.environment:checking '/home/admin/Desktop/CSE180/install/lab1' for CMake config files
[1.801s] Level 1:colcon.colcon_core.shell:create_environment_hook('lab1', 'cmake_prefix_path')
[1.825s] INFO:colcon.colcon_core.shell:Creating environment hook '/home/admin/Desktop/CSE180/install/lab1/share/lab1/hook/cmake_prefix_path.ps1'
[1.864s] INFO:colcon.colcon_core.shell:Creating environment descriptor '/home/admin/Desktop/CSE180/install/lab1/share/lab1/hook/cmake_prefix_path.dsv'
[1.874s] INFO:colcon.colcon_core.shell:Creating environment hook '/home/admin/Desktop/CSE180/install/lab1/share/lab1/hook/cmake_prefix_path.sh'
[1.877s] Level 1:colcon.colcon_core.environment:checking '/home/admin/Desktop/CSE180/install/lab1/lib'
[1.877s] Level 1:colcon.colcon_core.environment:checking '/home/admin/Desktop/CSE180/install/lab1/bin'
[1.877s] Level 1:colcon.colcon_core.environment:checking '/home/admin/Desktop/CSE180/install/lab1/lib/pkgconfig/lab1.pc'
[1.878s] Level 1:colcon.colcon_core.environment:checking '/home/admin/Desktop/CSE180/install/lab1/lib/python3.8/site-packages'
[1.878s] Level 1:colcon.colcon_core.environment:checking '/home/admin/Desktop/CSE180/install/lab1/bin'
[1.882s] INFO:colcon.colcon_core.shell:Creating package script '/home/admin/Desktop/CSE180/install/lab1/share/lab1/package.ps1'
[1.886s] INFO:colcon.colcon_core.shell:Creating package descriptor '/home/admin/Desktop/CSE180/install/lab1/share/lab1/package.dsv'
[1.888s] INFO:colcon.colcon_core.shell:Creating package script '/home/admin/Desktop/CSE180/install/lab1/share/lab1/package.sh'
[1.890s] INFO:colcon.colcon_core.shell:Creating package script '/home/admin/Desktop/CSE180/install/lab1/share/lab1/package.bash'
[1.893s] INFO:colcon.colcon_core.shell:Creating package script '/home/admin/Desktop/CSE180/install/lab1/share/lab1/package.zsh'
[1.896s] Level 1:colcon.colcon_core.environment:create_file_with_runtime_dependencies(/home/admin/Desktop/CSE180/install/lab1/share/colcon-core/packages/lab1)
[2.074s] Level 1:colcon.colcon_core.environment:create_environment_scripts_only(lab1)
[2.085s] Level 1:colcon.colcon_core.environment:checking '/home/admin/Desktop/CSE180/install/lab1' for CMake module files
[2.086s] Level 1:colcon.colcon_core.environment:checking '/home/admin/Desktop/CSE180/install/lab1' for CMake config files
[2.087s] Level 1:colcon.colcon_core.shell:create_environment_hook('lab1', 'cmake_prefix_path')
[2.091s] INFO:colcon.colcon_core.shell:Creating environment hook '/home/admin/Desktop/CSE180/install/lab1/share/lab1/hook/cmake_prefix_path.ps1'
[2.093s] INFO:colcon.colcon_core.shell:Creating environment descriptor '/home/admin/Desktop/CSE180/install/lab1/share/lab1/hook/cmake_prefix_path.dsv'
[2.094s] INFO:colcon.colcon_core.shell:Creating environment hook '/home/admin/Desktop/CSE180/install/lab1/share/lab1/hook/cmake_prefix_path.sh'
[2.096s] Level 1:colcon.colcon_core.environment:checking '/home/admin/Desktop/CSE180/install/lab1/lib'
[2.096s] Level 1:colcon.colcon_core.environment:checking '/home/admin/Desktop/CSE180/install/lab1/bin'
[2.096s] Level 1:colcon.colcon_core.environment:checking '/home/admin/Desktop/CSE180/install/lab1/lib/pkgconfig/lab1.pc'
[2.097s] Level 1:colcon.colcon_core.environment:checking '/home/admin/Desktop/CSE180/install/lab1/lib/python3.8/site-packages'
[2.097s] Level 1:colcon.colcon_core.environment:checking '/home/admin/Desktop/CSE180/install/lab1/bin'
[2.099s] INFO:colcon.colcon_core.shell:Creating package script '/home/admin/Desktop/CSE180/install/lab1/share/lab1/package.ps1'
[2.100s] INFO:colcon.colcon_core.shell:Creating package descriptor '/home/admin/Desktop/CSE180/install/lab1/share/lab1/package.dsv'
[2.102s] INFO:colcon.colcon_core.shell:Creating package script '/home/admin/Desktop/CSE180/install/lab1/share/lab1/package.sh'
[2.104s] INFO:colcon.colcon_core.shell:Creating package script '/home/admin/Desktop/CSE180/install/lab1/share/lab1/package.bash'
[2.106s] INFO:colcon.colcon_core.shell:Creating package script '/home/admin/Desktop/CSE180/install/lab1/share/lab1/package.zsh'
[2.107s] Level 1:colcon.colcon_core.environment:create_file_with_runtime_dependencies(/home/admin/Desktop/CSE180/install/lab1/share/colcon-core/packages/lab1)
[15.807s] DEBUG:colcon.colcon_core.event_handler.log_command:Invoked command in '/home/admin/Desktop/CSE180/build/lab2' returned '2': CMAKE_PREFIX_PATH=${CMAKE_PREFIX_PATH}:/opt/ros/foxy /usr/bin/cmake --build /home/admin/Desktop/CSE180/build/lab2 -- -j2 -l2
[15.925s] Level 1:colcon.colcon_core.environment:create_environment_scripts_only(lab2)
[15.945s] Level 1:colcon.colcon_core.environment:checking '/home/admin/Desktop/CSE180/install/lab2' for CMake module files
[15.947s] Level 1:colcon.colcon_core.environment:checking '/home/admin/Desktop/CSE180/install/lab2' for CMake config files
[15.950s] Level 1:colcon.colcon_core.shell:create_environment_hook('lab2', 'cmake_prefix_path')
[15.998s] INFO:colcon.colcon_core.shell:Creating environment hook '/home/admin/Desktop/CSE180/install/lab2/share/lab2/hook/cmake_prefix_path.ps1'
[15.999s] INFO:colcon.colcon_core.shell:Creating environment descriptor '/home/admin/Desktop/CSE180/install/lab2/share/lab2/hook/cmake_prefix_path.dsv'
[16.000s] INFO:colcon.colcon_core.shell:Creating environment hook '/home/admin/Desktop/CSE180/install/lab2/share/lab2/hook/cmake_prefix_path.sh'
[16.001s] Level 1:colcon.colcon_core.environment:checking '/home/admin/Desktop/CSE180/install/lab2/lib'
[16.001s] Level 1:colcon.colcon_core.environment:checking '/home/admin/Desktop/CSE180/install/lab2/bin'
[16.001s] Level 1:colcon.colcon_core.environment:checking '/home/admin/Desktop/CSE180/install/lab2/lib/pkgconfig/lab2.pc'
[16.001s] Level 1:colcon.colcon_core.environment:checking '/home/admin/Desktop/CSE180/install/lab2/lib/python3.8/site-packages'
[16.002s] Level 1:colcon.colcon_core.environment:checking '/home/admin/Desktop/CSE180/install/lab2/bin'
[16.004s] INFO:colcon.colcon_core.shell:Creating package script '/home/admin/Desktop/CSE180/install/lab2/share/lab2/package.ps1'
[16.005s] INFO:colcon.colcon_core.shell:Creating package descriptor '/home/admin/Desktop/CSE180/install/lab2/share/lab2/package.dsv'
[16.006s] INFO:colcon.colcon_core.shell:Creating package script '/home/admin/Desktop/CSE180/install/lab2/share/lab2/package.sh'
[16.006s] INFO:colcon.colcon_core.shell:Creating package script '/home/admin/Desktop/CSE180/install/lab2/share/lab2/package.bash'
[16.007s] INFO:colcon.colcon_core.shell:Creating package script '/home/admin/Desktop/CSE180/install/lab2/share/lab2/package.zsh'
[16.009s] Level 1:colcon.colcon_core.environment:create_file_with_runtime_dependencies(/home/admin/Desktop/CSE180/install/lab2/share/colcon-core/packages/lab2)
[16.021s] DEBUG:colcon.colcon_parallel_executor.executor.parallel:closing loop
[16.021s] DEBUG:colcon.colcon_parallel_executor.executor.parallel:loop closed
[16.021s] DEBUG:colcon.colcon_parallel_executor.executor.parallel:run_until_complete finished with '2'
[16.022s] DEBUG:colcon.colcon_core.event_reactor:joining thread
[16.053s] INFO:colcon.colcon_core.plugin_system:Skipping extension 'colcon_notification.desktop_notification.terminal_notifier': Not used on non-Darwin systems
[16.054s] INFO:colcon.colcon_core.plugin_system:Skipping extension 'colcon_notification.desktop_notification.win32': Not used on non-Windows systems
[16.054s] INFO:colcon.colcon_notification.desktop_notification:Sending desktop notification using 'notify2'
[16.156s] DEBUG:colcon.colcon_core.event_reactor:joined thread
[16.160s] INFO:colcon.colcon_core.shell:Creating prefix script '/home/admin/Desktop/CSE180/install/local_setup.ps1'
[16.162s] INFO:colcon.colcon_core.shell:Creating prefix util module '/home/admin/Desktop/CSE180/install/_local_setup_util_ps1.py'
[16.168s] INFO:colcon.colcon_core.shell:Creating prefix chain script '/home/admin/Desktop/CSE180/install/setup.ps1'
[16.180s] INFO:colcon.colcon_core.shell:Creating prefix script '/home/admin/Desktop/CSE180/install/local_setup.sh'
[16.186s] INFO:colcon.colcon_core.shell:Creating prefix util module '/home/admin/Desktop/CSE180/install/_local_setup_util_sh.py'
[16.193s] INFO:colcon.colcon_core.shell:Creating prefix chain script '/home/admin/Desktop/CSE180/install/setup.sh'
[16.200s] INFO:colcon.colcon_core.shell:Creating prefix script '/home/admin/Desktop/CSE180/install/local_setup.bash'
[16.238s] INFO:colcon.colcon_core.shell:Creating prefix chain script '/home/admin/Desktop/CSE180/install/setup.bash'
[16.244s] INFO:colcon.colcon_core.shell:Creating prefix script '/home/admin/Desktop/CSE180/install/local_setup.zsh'
[16.247s] INFO:colcon.colcon_core.shell:Creating prefix chain script '/home/admin/Desktop/CSE180/install/setup.zsh'
