[0.146s] Invoking command in '/home/admin/Desktop/CSE180/build/lab1': CMAKE_PREFIX_PATH=${CMAKE_PREFIX_PATH}:/var/tmp/MRTP/MRTP/install/gazeboenvs:/opt/ros/foxy /usr/bin/cmake /home/admin/Desktop/CSE180/src/lab1 -DCMAKE_INSTALL_PREFIX=/home/admin/Desktop/CSE180/install/lab1
[1.466s] -- The C compiler identification is GNU 9.4.0
[1.747s] -- The CXX compiler identification is GNU 9.4.0
[1.838s] -- Check for working C compiler: /usr/bin/cc
[2.115s] -- Check for working C compiler: /usr/bin/cc -- works
[2.126s] -- Detecting C compiler ABI info
[2.665s] -- Detecting C compiler ABI info - done
[2.752s] -- Detecting C compile features
[2.753s] -- Detecting C compile features - done
[2.812s] -- Check for working CXX compiler: /usr/bin/c++
[3.316s] -- Check for working CXX compiler: /usr/bin/c++ -- works
[3.374s] -- Detecting CXX compiler ABI info
[3.844s] -- Detecting CXX compiler ABI info - done
[3.938s] -- Detecting CXX compile features
[3.940s] -- Detecting CXX compile features - done
[3.947s] -- Found ament_cmake: 0.9.11 (/opt/ros/foxy/share/ament_cmake/cmake)
[4.091s] -- Found PythonInterp: /usr/bin/python3 (found suitable version "3.8.10", minimum required is "3") 
[4.091s] -- Using PYTHON_EXECUTABLE: /usr/bin/python3
[5.516s] -- Found rclcpp: 2.4.2 (/opt/ros/foxy/share/rclcpp/cmake)
[6.163s] -- Using all available rosidl_typesupport_c: rosidl_typesupport_fastrtps_c;rosidl_typesupport_introspection_c
[6.268s] -- Found rosidl_adapter: 1.3.0 (/opt/ros/foxy/share/rosidl_adapter/cmake)
[6.926s] -- Found OpenSSL: /usr/lib/x86_64-linux-gnu/libcrypto.so (found version "1.1.1f")  
[7.214s] -- Found FastRTPS: /opt/ros/foxy/include  
[7.854s] -- Using all available rosidl_typesupport_cpp: rosidl_typesupport_fastrtps_cpp;rosidl_typesupport_introspection_cpp
[8.400s] -- Found rmw_implementation_cmake: 1.0.3 (/opt/ros/foxy/share/rmw_implementation_cmake/cmake)
[8.409s] -- Using RMW implementation 'rmw_fastrtps_cpp' as default
[8.462s] -- Looking for pthread.h
[8.873s] -- Looking for pthread.h - found
[8.873s] -- Performing Test CMAKE_HAVE_LIBC_PTHREAD
[9.218s] -- Performing Test CMAKE_HAVE_LIBC_PTHREAD - Failed
[9.219s] -- Looking for pthread_create in pthreads
[9.647s] -- Looking for pthread_create in pthreads - not found
[9.648s] -- Looking for pthread_create in pthread
[10.093s] -- Looking for pthread_create in pthread - found
[10.097s] -- Found Threads: TRUE  
[11.631s] -- Configuring done
[11.715s] -- Generating done
[11.720s] -- Build files have been written to: /home/admin/Desktop/CSE180/build/lab1
[11.739s] Invoked command in '/home/admin/Desktop/CSE180/build/lab1' returned '0': CMAKE_PREFIX_PATH=${CMAKE_PREFIX_PATH}:/var/tmp/MRTP/MRTP/install/gazeboenvs:/opt/ros/foxy /usr/bin/cmake /home/admin/Desktop/CSE180/src/lab1 -DCMAKE_INSTALL_PREFIX=/home/admin/Desktop/CSE180/install/lab1
[11.740s] Invoking command in '/home/admin/Desktop/CSE180/build/lab1': CMAKE_PREFIX_PATH=${CMAKE_PREFIX_PATH}:/var/tmp/MRTP/MRTP/install/gazeboenvs:/opt/ros/foxy /usr/bin/cmake --build /home/admin/Desktop/CSE180/build/lab1 -- -j2 -l2
[11.974s] [35m[1mScanning dependencies of target intsubscriber[0m
[11.994s] [35m[1mScanning dependencies of target intpublisher[0m
[12.297s] [ 25%] [32mBuilding CXX object CMakeFiles/intsubscriber.dir/src/intsubscriber.cpp.o[0m
[12.387s] [ 50%] [32mBuilding CXX object CMakeFiles/intpublisher.dir/src/intpublisher.cpp.o[0m
[32.493s] [ 75%] [32m[1mLinking CXX executable intpublisher[0m
[33.492s] [ 75%] Built target intpublisher
[44.186s] [100%] [32m[1mLinking CXX executable intsubscriber[0m
[45.232s] [100%] Built target intsubscriber
[45.314s] Invoked command in '/home/admin/Desktop/CSE180/build/lab1' returned '0': CMAKE_PREFIX_PATH=${CMAKE_PREFIX_PATH}:/var/tmp/MRTP/MRTP/install/gazeboenvs:/opt/ros/foxy /usr/bin/cmake --build /home/admin/Desktop/CSE180/build/lab1 -- -j2 -l2
[45.498s] Invoking command in '/home/admin/Desktop/CSE180/build/lab1': CMAKE_PREFIX_PATH=${CMAKE_PREFIX_PATH}:/var/tmp/MRTP/MRTP/install/gazeboenvs:/opt/ros/foxy /usr/bin/cmake --install /home/admin/Desktop/CSE180/build/lab1
[45.528s] -- Install configuration: ""
[45.528s] -- Installing: /home/admin/Desktop/CSE180/install/lab1/lib/lab1/intpublisher
[45.532s] -- Set runtime path of "/home/admin/Desktop/CSE180/install/lab1/lib/lab1/intpublisher" to ""
[45.533s] -- Installing: /home/admin/Desktop/CSE180/install/lab1/lib/lab1/intsubscriber
[45.536s] -- Set runtime path of "/home/admin/Desktop/CSE180/install/lab1/lib/lab1/intsubscriber" to ""
[45.537s] -- Installing: /home/admin/Desktop/CSE180/install/lab1/share/ament_index/resource_index/package_run_dependencies/lab1
[45.538s] -- Installing: /home/admin/Desktop/CSE180/install/lab1/share/ament_index/resource_index/parent_prefix_path/lab1
[45.539s] -- Installing: /home/admin/Desktop/CSE180/install/lab1/share/lab1/environment/ament_prefix_path.sh
[45.539s] -- Installing: /home/admin/Desktop/CSE180/install/lab1/share/lab1/environment/ament_prefix_path.dsv
[45.541s] -- Installing: /home/admin/Desktop/CSE180/install/lab1/share/lab1/environment/path.sh
[45.542s] -- Installing: /home/admin/Desktop/CSE180/install/lab1/share/lab1/environment/path.dsv
[45.542s] -- Installing: /home/admin/Desktop/CSE180/install/lab1/share/lab1/local_setup.bash
[45.543s] -- Installing: /home/admin/Desktop/CSE180/install/lab1/share/lab1/local_setup.sh
[45.544s] -- Installing: /home/admin/Desktop/CSE180/install/lab1/share/lab1/local_setup.zsh
[45.545s] -- Installing: /home/admin/Desktop/CSE180/install/lab1/share/lab1/local_setup.dsv
[45.549s] -- Installing: /home/admin/Desktop/CSE180/install/lab1/share/lab1/package.dsv
[45.550s] -- Installing: /home/admin/Desktop/CSE180/install/lab1/share/ament_index/resource_index/packages/lab1
[45.551s] -- Installing: /home/admin/Desktop/CSE180/install/lab1/share/lab1/cmake/lab1Config.cmake
[45.551s] -- Installing: /home/admin/Desktop/CSE180/install/lab1/share/lab1/cmake/lab1Config-version.cmake
[45.552s] -- Installing: /home/admin/Desktop/CSE180/install/lab1/share/lab1/package.xml
[45.555s] Invoked command in '/home/admin/Desktop/CSE180/build/lab1' returned '0': CMAKE_PREFIX_PATH=${CMAKE_PREFIX_PATH}:/var/tmp/MRTP/MRTP/install/gazeboenvs:/opt/ros/foxy /usr/bin/cmake --install /home/admin/Desktop/CSE180/build/lab1
