[0.175s] Invoking command in '/home/admin/Desktop/CSE180/build/lab2': CMAKE_PREFIX_PATH=${CMAKE_PREFIX_PATH}:/var/tmp/MRTP/MRTP/install/gazeboenvs:/opt/ros/foxy /usr/bin/cmake --build /home/admin/Desktop/CSE180/build/lab2 -- -j2 -l2
[0.422s] [100%] Built target drawcircle
[0.487s] Invoked command in '/home/admin/Desktop/CSE180/build/lab2' returned '0': CMAKE_PREFIX_PATH=${CMAKE_PREFIX_PATH}:/var/tmp/MRTP/MRTP/install/gazeboenvs:/opt/ros/foxy /usr/bin/cmake --build /home/admin/Desktop/CSE180/build/lab2 -- -j2 -l2
[0.725s] Invoking command in '/home/admin/Desktop/CSE180/build/lab2': CMAKE_PREFIX_PATH=${CMAKE_PREFIX_PATH}:/var/tmp/MRTP/MRTP/install/gazeboenvs:/opt/ros/foxy /usr/bin/cmake --install /home/admin/Desktop/CSE180/build/lab2
[0.757s] -- Install configuration: ""
[0.758s] -- Up-to-date: /home/admin/Desktop/CSE180/install/lab2/lib/lab2/drawcircle
[0.759s] -- Up-to-date: /home/admin/Desktop/CSE180/install/lab2/share/ament_index/resource_index/package_run_dependencies/lab2
[0.759s] -- Up-to-date: /home/admin/Desktop/CSE180/install/lab2/share/ament_index/resource_index/parent_prefix_path/lab2
[0.760s] -- Up-to-date: /home/admin/Desktop/CSE180/install/lab2/share/lab2/environment/ament_prefix_path.sh
[0.761s] -- Up-to-date: /home/admin/Desktop/CSE180/install/lab2/share/lab2/environment/ament_prefix_path.dsv
[0.761s] -- Up-to-date: /home/admin/Desktop/CSE180/install/lab2/share/lab2/environment/path.sh
[0.761s] -- Up-to-date: /home/admin/Desktop/CSE180/install/lab2/share/lab2/environment/path.dsv
[0.761s] -- Up-to-date: /home/admin/Desktop/CSE180/install/lab2/share/lab2/local_setup.bash
[0.761s] -- Up-to-date: /home/admin/Desktop/CSE180/install/lab2/share/lab2/local_setup.sh
[0.761s] -- Up-to-date: /home/admin/Desktop/CSE180/install/lab2/share/lab2/local_setup.zsh
[0.761s] -- Up-to-date: /home/admin/Desktop/CSE180/install/lab2/share/lab2/local_setup.dsv
[0.762s] -- Installing: /home/admin/Desktop/CSE180/install/lab2/share/lab2/package.dsv
[0.765s] -- Up-to-date: /home/admin/Desktop/CSE180/install/lab2/share/ament_index/resource_index/packages/lab2
[0.806s] -- Up-to-date: /home/admin/Desktop/CSE180/install/lab2/share/lab2/cmake/lab2Config.cmake
[0.806s] -- Up-to-date: /home/admin/Desktop/CSE180/install/lab2/share/lab2/cmake/lab2Config-version.cmake
[0.808s] -- Up-to-date: /home/admin/Desktop/CSE180/install/lab2/share/lab2/package.xml
[0.817s] Invoked command in '/home/admin/Desktop/CSE180/build/lab2' returned '0': CMAKE_PREFIX_PATH=${CMAKE_PREFIX_PATH}:/var/tmp/MRTP/MRTP/install/gazeboenvs:/opt/ros/foxy /usr/bin/cmake --install /home/admin/Desktop/CSE180/build/lab2
