-- Found ament_cmake: 0.9.11 (/opt/ros/foxy/share/ament_cmake/cmake)
-- Using PYTHON_EXECUTABLE: /usr/bin/python3
-- Found rclcpp: 2.4.2 (/opt/ros/foxy/share/rclcpp/cmake)
-- Using all available rosidl_typesupport_c: rosidl_typesupport_fastrtps_c;rosidl_typesupport_introspection_c
-- Found rosidl_adapter: 1.3.0 (/opt/ros/foxy/share/rosidl_adapter/cmake)
-- Using all available rosidl_typesupport_cpp: rosidl_typesupport_fastrtps_cpp;rosidl_typesupport_introspection_cpp
-- Found rmw_implementation_cmake: 1.0.3 (/opt/ros/foxy/share/rmw_implementation_cmake/cmake)
-- Using RMW implementation 'rmw_fastrtps_cpp' as default
-- Found sensor_msgs: 2.0.5 (/opt/ros/foxy/share/sensor_msgs/cmake)
-- Found turtlesim: 1.2.6 (/opt/ros/foxy/share/turtlesim/cmake)
-- Found tf2: 0.13.13 (/opt/ros/foxy/share/tf2/cmake)
-- Found tf2_ros: 0.13.13 (/opt/ros/foxy/share/tf2_ros/cmake)
-- Found ament_lint_auto: 0.9.7 (/opt/ros/foxy/share/ament_lint_auto/cmake)
-- Added test 'copyright' to check source files copyright and LICENSE
-- Added test 'cppcheck' to perform static code analysis on C / C++ code
-- Configured cppcheck include dirs: 
-- Configured cppcheck exclude dirs and/or files: 
-- Added test 'cpplint' to check C / C++ code against the Google style
-- Configured cpplint exclude dirs and/or files: 
-- Added test 'lint_cmake' to check CMake code style
-- Added test 'uncrustify' to check C / C++ code style
-- Configured uncrustify additional arguments: 
-- Added test 'xmllint' to check XML markup files
-- Configuring done
-- Generating done
-- Build files have been written to: /home/admin/Desktop/CSE180/build/lab2
[100%] Built target drawcircle
-- Install configuration: ""
-- Up-to-date: /home/admin/Desktop/CSE180/install/lab2/lib/lab2/drawcircle
-- Installing: /home/admin/Desktop/CSE180/install/lab2/share/ament_index/resource_index/package_run_dependencies/lab2
-- Installing: /home/admin/Desktop/CSE180/install/lab2/share/ament_index/resource_index/parent_prefix_path/lab2
-- Up-to-date: /home/admin/Desktop/CSE180/install/lab2/share/lab2/environment/ament_prefix_path.sh
-- Installing: /home/admin/Desktop/CSE180/install/lab2/share/lab2/environment/ament_prefix_path.dsv
-- Up-to-date: /home/admin/Desktop/CSE180/install/lab2/share/lab2/environment/path.sh
-- Installing: /home/admin/Desktop/CSE180/install/lab2/share/lab2/environment/path.dsv
-- Up-to-date: /home/admin/Desktop/CSE180/install/lab2/share/lab2/local_setup.bash
-- Up-to-date: /home/admin/Desktop/CSE180/install/lab2/share/lab2/local_setup.sh
-- Up-to-date: /home/admin/Desktop/CSE180/install/lab2/share/lab2/local_setup.zsh
-- Installing: /home/admin/Desktop/CSE180/install/lab2/share/lab2/local_setup.dsv
-- Installing: /home/admin/Desktop/CSE180/install/lab2/share/lab2/package.dsv
-- Up-to-date: /home/admin/Desktop/CSE180/install/lab2/share/ament_index/resource_index/packages/lab2
-- Up-to-date: /home/admin/Desktop/CSE180/install/lab2/share/lab2/cmake/lab2Config.cmake
-- Up-to-date: /home/admin/Desktop/CSE180/install/lab2/share/lab2/cmake/lab2Config-version.cmake
-- Installing: /home/admin/Desktop/CSE180/install/lab2/share/lab2/package.xml
