[0.158s] Invoking command in '/home/admin/Desktop/CSE180/build/lab2': CMAKE_PREFIX_PATH=${CMAKE_PREFIX_PATH}:/opt/ros/foxy /usr/bin/cmake --build /home/admin/Desktop/CSE180/build/lab2 -- -j2 -l2
[0.474s] -- Found ament_cmake: 0.9.11 (/opt/ros/foxy/share/ament_cmake/cmake)
[0.565s] -- Using PYTHON_EXECUTABLE: /usr/bin/python3
[1.218s] -- Found rclcpp: 2.4.2 (/opt/ros/foxy/share/rclcpp/cmake)
[1.325s] -- Using all available rosidl_typesupport_c: rosidl_typesupport_fastrtps_c;rosidl_typesupport_introspection_c
[1.337s] -- Found rosidl_adapter: 1.3.0 (/opt/ros/foxy/share/rosidl_adapter/cmake)
[1.761s] -- Using all available rosidl_typesupport_cpp: rosidl_typesupport_fastrtps_cpp;rosidl_typesupport_introspection_cpp
[1.925s] -- Found rmw_implementation_cmake: 1.0.3 (/opt/ros/foxy/share/rmw_implementation_cmake/cmake)
[1.928s] -- Using RMW implementation 'rmw_fastrtps_cpp' as default
[2.452s] -- Found sensor_msgs: 2.0.5 (/opt/ros/foxy/share/sensor_msgs/cmake)
[2.832s] -- Found turtlesim: 1.2.6 (/opt/ros/foxy/share/turtlesim/cmake)
[3.140s] -- Found tf2: 0.13.13 (/opt/ros/foxy/share/tf2/cmake)
[3.189s] -- Found tf2_ros: 0.13.13 (/opt/ros/foxy/share/tf2_ros/cmake)
[4.235s] -- Found ament_lint_auto: 0.9.7 (/opt/ros/foxy/share/ament_lint_auto/cmake)
[4.454s] -- Added test 'copyright' to check source files copyright and LICENSE
[4.469s] -- Added test 'cppcheck' to perform static code analysis on C / C++ code
[4.469s] -- Configured cppcheck include dirs: 
[4.469s] -- Configured cppcheck exclude dirs and/or files: 
[4.469s] -- Added test 'cpplint' to check C / C++ code against the Google style
[4.470s] -- Configured cpplint exclude dirs and/or files: 
[4.470s] -- Added test 'lint_cmake' to check CMake code style
[4.471s] -- Added test 'uncrustify' to check C / C++ code style
[4.472s] -- Configured uncrustify additional arguments: 
[4.489s] -- Added test 'xmllint' to check XML markup files
[4.494s] -- Configuring done
[4.539s] -- Generating done
[4.559s] -- Build files have been written to: /home/admin/Desktop/CSE180/build/lab2
[4.700s] [100%] Built target drawcircle
[4.741s] Invoked command in '/home/admin/Desktop/CSE180/build/lab2' returned '0': CMAKE_PREFIX_PATH=${CMAKE_PREFIX_PATH}:/opt/ros/foxy /usr/bin/cmake --build /home/admin/Desktop/CSE180/build/lab2 -- -j2 -l2
[4.820s] Invoking command in '/home/admin/Desktop/CSE180/build/lab2': CMAKE_PREFIX_PATH=${CMAKE_PREFIX_PATH}:/opt/ros/foxy /usr/bin/cmake --install /home/admin/Desktop/CSE180/build/lab2
[4.855s] -- Install configuration: ""
[4.856s] -- Up-to-date: /home/admin/Desktop/CSE180/install/lab2/lib/lab2/drawcircle
[4.857s] -- Installing: /home/admin/Desktop/CSE180/install/lab2/share/ament_index/resource_index/package_run_dependencies/lab2
[4.859s] -- Installing: /home/admin/Desktop/CSE180/install/lab2/share/ament_index/resource_index/parent_prefix_path/lab2
[4.859s] -- Up-to-date: /home/admin/Desktop/CSE180/install/lab2/share/lab2/environment/ament_prefix_path.sh
[4.860s] -- Installing: /home/admin/Desktop/CSE180/install/lab2/share/lab2/environment/ament_prefix_path.dsv
[4.861s] -- Up-to-date: /home/admin/Desktop/CSE180/install/lab2/share/lab2/environment/path.sh
[4.861s] -- Installing: /home/admin/Desktop/CSE180/install/lab2/share/lab2/environment/path.dsv
[4.862s] -- Up-to-date: /home/admin/Desktop/CSE180/install/lab2/share/lab2/local_setup.bash
[4.863s] -- Up-to-date: /home/admin/Desktop/CSE180/install/lab2/share/lab2/local_setup.sh
[4.864s] -- Up-to-date: /home/admin/Desktop/CSE180/install/lab2/share/lab2/local_setup.zsh
[4.865s] -- Installing: /home/admin/Desktop/CSE180/install/lab2/share/lab2/local_setup.dsv
[4.866s] -- Installing: /home/admin/Desktop/CSE180/install/lab2/share/lab2/package.dsv
[4.867s] -- Up-to-date: /home/admin/Desktop/CSE180/install/lab2/share/ament_index/resource_index/packages/lab2
[4.867s] -- Up-to-date: /home/admin/Desktop/CSE180/install/lab2/share/lab2/cmake/lab2Config.cmake
[4.867s] -- Up-to-date: /home/admin/Desktop/CSE180/install/lab2/share/lab2/cmake/lab2Config-version.cmake
[4.868s] -- Installing: /home/admin/Desktop/CSE180/install/lab2/share/lab2/package.xml
[4.873s] Invoked command in '/home/admin/Desktop/CSE180/build/lab2' returned '0': CMAKE_PREFIX_PATH=${CMAKE_PREFIX_PATH}:/opt/ros/foxy /usr/bin/cmake --install /home/admin/Desktop/CSE180/build/lab2
