[0.149s] Invoking command in '/home/admin/Desktop/CSE180/build/lab2': CMAKE_PREFIX_PATH=${CMAKE_PREFIX_PATH}:/var/tmp/MRTP/MRTP/install/gazeboenvs:/opt/ros/foxy /usr/bin/cmake /home/admin/Desktop/CSE180/src/lab2 -DCMAKE_INSTALL_PREFIX=/home/admin/Desktop/CSE180/install/lab2
[1.383s] -- The C compiler identification is GNU 9.4.0
[1.722s] -- The CXX compiler identification is GNU 9.4.0
[1.805s] -- Check for working C compiler: /usr/bin/cc
[2.116s] -- Check for working C compiler: /usr/bin/cc -- works
[2.116s] -- Detecting C compiler ABI info
[2.634s] -- Detecting C compiler ABI info - done
[2.716s] -- Detecting C compile features
[2.720s] -- Detecting C compile features - done
[2.779s] -- Check for working CXX compiler: /usr/bin/c++
[3.233s] -- Check for working CXX compiler: /usr/bin/c++ -- works
[3.244s] -- Detecting CXX compiler ABI info
[3.687s] -- Detecting CXX compiler ABI info - done
[3.784s] -- Detecting CXX compile features
[3.784s] -- Detecting CXX compile features - done
[3.799s] -- Found ament_cmake: 0.9.11 (/opt/ros/foxy/share/ament_cmake/cmake)
[4.023s] -- Found PythonInterp: /usr/bin/python3 (found suitable version "3.8.10", minimum required is "3") 
[4.023s] -- Using PYTHON_EXECUTABLE: /usr/bin/python3
[5.488s] -- Found rclcpp: 2.4.2 (/opt/ros/foxy/share/rclcpp/cmake)
[6.131s] -- Using all available rosidl_typesupport_c: rosidl_typesupport_fastrtps_c;rosidl_typesupport_introspection_c
[6.302s] -- Found rosidl_adapter: 1.3.0 (/opt/ros/foxy/share/rosidl_adapter/cmake)
[6.864s] -- Found OpenSSL: /usr/lib/x86_64-linux-gnu/libcrypto.so (found version "1.1.1f")  
[7.071s] -- Found FastRTPS: /opt/ros/foxy/include  
[7.824s] -- Using all available rosidl_typesupport_cpp: rosidl_typesupport_fastrtps_cpp;rosidl_typesupport_introspection_cpp
[8.368s] -- Found rmw_implementation_cmake: 1.0.3 (/opt/ros/foxy/share/rmw_implementation_cmake/cmake)
[8.379s] -- Using RMW implementation 'rmw_fastrtps_cpp' as default
[8.432s] -- Looking for pthread.h
[8.859s] -- Looking for pthread.h - found
[8.860s] -- Performing Test CMAKE_HAVE_LIBC_PTHREAD
[9.295s] -- Performing Test CMAKE_HAVE_LIBC_PTHREAD - Failed
[9.296s] -- Looking for pthread_create in pthreads
[9.717s] -- Looking for pthread_create in pthreads - not found
[9.718s] -- Looking for pthread_create in pthread
[10.131s] -- Looking for pthread_create in pthread - found
[10.135s] -- Found Threads: TRUE  
[11.348s] -- Found sensor_msgs: 2.0.5 (/opt/ros/foxy/share/sensor_msgs/cmake)
[12.264s] -- Found turtlesim: 1.2.6 (/opt/ros/foxy/share/turtlesim/cmake)
[13.261s] -- Found tf2: 0.13.13 (/opt/ros/foxy/share/tf2/cmake)
[13.484s] -- Found tf2_ros: 0.13.13 (/opt/ros/foxy/share/tf2_ros/cmake)
[16.755s] -- Found ament_lint_auto: 0.9.7 (/opt/ros/foxy/share/ament_lint_auto/cmake)
[17.533s] -- Added test 'copyright' to check source files copyright and LICENSE
[17.537s] -- Added test 'cppcheck' to perform static code analysis on C / C++ code
[17.538s] -- Configured cppcheck include dirs: 
[17.538s] -- Configured cppcheck exclude dirs and/or files: 
[17.593s] -- Added test 'cpplint' to check C / C++ code against the Google style
[17.594s] -- Configured cpplint exclude dirs and/or files: 
[17.598s] -- Added test 'lint_cmake' to check CMake code style
[17.604s] -- Added test 'uncrustify' to check C / C++ code style
[17.605s] -- Configured uncrustify additional arguments: 
[17.611s] -- Added test 'xmllint' to check XML markup files
[17.700s] -- Configuring done
[17.743s] -- Generating done
[17.748s] -- Build files have been written to: /home/admin/Desktop/CSE180/build/lab2
[17.836s] Invoked command in '/home/admin/Desktop/CSE180/build/lab2' returned '0': CMAKE_PREFIX_PATH=${CMAKE_PREFIX_PATH}:/var/tmp/MRTP/MRTP/install/gazeboenvs:/opt/ros/foxy /usr/bin/cmake /home/admin/Desktop/CSE180/src/lab2 -DCMAKE_INSTALL_PREFIX=/home/admin/Desktop/CSE180/install/lab2
[17.842s] Invoking command in '/home/admin/Desktop/CSE180/build/lab2': CMAKE_PREFIX_PATH=${CMAKE_PREFIX_PATH}:/var/tmp/MRTP/MRTP/install/gazeboenvs:/opt/ros/foxy /usr/bin/cmake --build /home/admin/Desktop/CSE180/build/lab2 -- -j2 -l2
[18.088s] [35m[1mScanning dependencies of target drawcircle[0m
[18.300s] [ 50%] [32mBuilding CXX object CMakeFiles/drawcircle.dir/src/moveturtle.cpp.o[0m
[39.877s] [100%] [32m[1mLinking CXX executable drawcircle[0m
[40.660s] [100%] Built target drawcircle
[40.693s] Invoked command in '/home/admin/Desktop/CSE180/build/lab2' returned '0': CMAKE_PREFIX_PATH=${CMAKE_PREFIX_PATH}:/var/tmp/MRTP/MRTP/install/gazeboenvs:/opt/ros/foxy /usr/bin/cmake --build /home/admin/Desktop/CSE180/build/lab2 -- -j2 -l2
[40.845s] Invoking command in '/home/admin/Desktop/CSE180/build/lab2': CMAKE_PREFIX_PATH=${CMAKE_PREFIX_PATH}:/var/tmp/MRTP/MRTP/install/gazeboenvs:/opt/ros/foxy /usr/bin/cmake --install /home/admin/Desktop/CSE180/build/lab2
[40.931s] -- Install configuration: ""
[40.932s] -- Installing: /home/admin/Desktop/CSE180/install/lab2/lib/lab2/drawcircle
[40.935s] -- Set runtime path of "/home/admin/Desktop/CSE180/install/lab2/lib/lab2/drawcircle" to ""
[40.936s] -- Installing: /home/admin/Desktop/CSE180/install/lab2/share/ament_index/resource_index/package_run_dependencies/lab2
[40.937s] -- Installing: /home/admin/Desktop/CSE180/install/lab2/share/ament_index/resource_index/parent_prefix_path/lab2
[40.938s] -- Installing: /home/admin/Desktop/CSE180/install/lab2/share/lab2/environment/ament_prefix_path.sh
[40.939s] -- Installing: /home/admin/Desktop/CSE180/install/lab2/share/lab2/environment/ament_prefix_path.dsv
[40.940s] -- Installing: /home/admin/Desktop/CSE180/install/lab2/share/lab2/environment/path.sh
[40.942s] -- Installing: /home/admin/Desktop/CSE180/install/lab2/share/lab2/environment/path.dsv
[40.943s] -- Installing: /home/admin/Desktop/CSE180/install/lab2/share/lab2/local_setup.bash
[40.944s] -- Installing: /home/admin/Desktop/CSE180/install/lab2/share/lab2/local_setup.sh
[40.945s] -- Installing: /home/admin/Desktop/CSE180/install/lab2/share/lab2/local_setup.zsh
[40.946s] -- Installing: /home/admin/Desktop/CSE180/install/lab2/share/lab2/local_setup.dsv
[40.947s] -- Installing: /home/admin/Desktop/CSE180/install/lab2/share/lab2/package.dsv
[40.948s] -- Installing: /home/admin/Desktop/CSE180/install/lab2/share/ament_index/resource_index/packages/lab2
[40.950s] -- Installing: /home/admin/Desktop/CSE180/install/lab2/share/lab2/cmake/lab2Config.cmake
[40.955s] -- Installing: /home/admin/Desktop/CSE180/install/lab2/share/lab2/cmake/lab2Config-version.cmake
[40.959s] -- Installing: /home/admin/Desktop/CSE180/install/lab2/share/lab2/package.xml
[41.005s] Invoked command in '/home/admin/Desktop/CSE180/build/lab2' returned '0': CMAKE_PREFIX_PATH=${CMAKE_PREFIX_PATH}:/var/tmp/MRTP/MRTP/install/gazeboenvs:/opt/ros/foxy /usr/bin/cmake --install /home/admin/Desktop/CSE180/build/lab2
