-- The C compiler identification is GNU 9.4.0
-- The CXX compiler identification is GNU 9.4.0
-- Check for working C compiler: /usr/bin/cc
-- Check for working C compiler: /usr/bin/cc -- works
-- Detecting C compiler ABI info
-- Detecting C compiler ABI info - done
-- Detecting C compile features
-- Detecting C compile features - done
-- Check for working CXX compiler: /usr/bin/c++
-- Check for working CXX compiler: /usr/bin/c++ -- works
-- Detecting CXX compiler ABI info
-- Detecting CXX compiler ABI info - done
-- Detecting CXX compile features
-- Detecting CXX compile features - done
-- Found ament_cmake: 0.9.11 (/opt/ros/foxy/share/ament_cmake/cmake)
-- Found PythonInterp: /usr/bin/python3 (found suitable version "3.8.10", minimum required is "3") 
-- Using PYTHON_EXECUTABLE: /usr/bin/python3
-- Found rclcpp: 2.4.2 (/opt/ros/foxy/share/rclcpp/cmake)
-- Using all available rosidl_typesupport_c: rosidl_typesupport_fastrtps_c;rosidl_typesupport_introspection_c
-- Found rosidl_adapter: 1.3.0 (/opt/ros/foxy/share/rosidl_adapter/cmake)
-- Found OpenSSL: /usr/lib/x86_64-linux-gnu/libcrypto.so (found version "1.1.1f")  
-- Found FastRTPS: /opt/ros/foxy/include  
-- Using all available rosidl_typesupport_cpp: rosidl_typesupport_fastrtps_cpp;rosidl_typesupport_introspection_cpp
-- Found rmw_implementation_cmake: 1.0.3 (/opt/ros/foxy/share/rmw_implementation_cmake/cmake)
-- Using RMW implementation 'rmw_fastrtps_cpp' as default
-- Looking for pthread.h
-- Looking for pthread.h - found
-- Performing Test CMAKE_HAVE_LIBC_PTHREAD
-- Performing Test CMAKE_HAVE_LIBC_PTHREAD - Failed
-- Looking for pthread_create in pthreads
-- Looking for pthread_create in pthreads - not found
-- Looking for pthread_create in pthread
-- Looking for pthread_create in pthread - found
-- Found Threads: TRUE  
-- Configuring done
-- Generating done
-- Build files have been written to: /home/admin/Desktop/CSE180/build/lab1
[35m[1mScanning dependencies of target intsubscriber[0m
[35m[1mScanning dependencies of target intpublisher[0m
[ 50%] [32mBuilding CXX object CMakeFiles/intpublisher.dir/src/intpublisher.cpp.o[0m
[ 50%] [32mBuilding CXX object CMakeFiles/intsubscriber.dir/src/intsubscriber.cpp.o[0m
[ 75%] [32m[1mLinking CXX executable intpublisher[0m
[ 75%] Built target intpublisher
[100%] [32m[1mLinking CXX executable intsubscriber[0m
[100%] Built target intsubscriber
-- Install configuration: ""
-- Installing: /home/admin/Desktop/CSE180/install/lab1/lib/lab1/intpublisher
-- Set runtime path of "/home/admin/Desktop/CSE180/install/lab1/lib/lab1/intpublisher" to ""
-- Installing: /home/admin/Desktop/CSE180/install/lab1/lib/lab1/intsubscriber
-- Set runtime path of "/home/admin/Desktop/CSE180/install/lab1/lib/lab1/intsubscriber" to ""
-- Installing: /home/admin/Desktop/CSE180/install/lab1/share/ament_index/resource_index/package_run_dependencies/lab1
-- Installing: /home/admin/Desktop/CSE180/install/lab1/share/ament_index/resource_index/parent_prefix_path/lab1
-- Installing: /home/admin/Desktop/CSE180/install/lab1/share/lab1/environment/ament_prefix_path.sh
-- Installing: /home/admin/Desktop/CSE180/install/lab1/share/lab1/environment/ament_prefix_path.dsv
-- Installing: /home/admin/Desktop/CSE180/install/lab1/share/lab1/environment/path.sh
-- Installing: /home/admin/Desktop/CSE180/install/lab1/share/lab1/environment/path.dsv
-- Installing: /home/admin/Desktop/CSE180/install/lab1/share/lab1/local_setup.bash
-- Installing: /home/admin/Desktop/CSE180/install/lab1/share/lab1/local_setup.sh
-- Installing: /home/admin/Desktop/CSE180/install/lab1/share/lab1/local_setup.zsh
-- Installing: /home/admin/Desktop/CSE180/install/lab1/share/lab1/local_setup.dsv
-- Installing: /home/admin/Desktop/CSE180/install/lab1/share/lab1/package.dsv
-- Installing: /home/admin/Desktop/CSE180/install/lab1/share/ament_index/resource_index/packages/lab1
-- Installing: /home/admin/Desktop/CSE180/install/lab1/share/lab1/cmake/lab1Config.cmake
-- Installing: /home/admin/Desktop/CSE180/install/lab1/share/lab1/cmake/lab1Config-version.cmake
-- Installing: /home/admin/Desktop/CSE180/install/lab1/share/lab1/package.xml
