[0.075s] Invoking command in '/home/admin/Desktop/CSE180/build/lab1': CMAKE_PREFIX_PATH=/opt/ros/foxy /usr/bin/cmake /home/admin/Desktop/CSE180/src/lab1 -DCMAKE_INSTALL_PREFIX=/home/admin/Desktop/CSE180/install/lab1
[0.410s] -- The C compiler identification is GNU 9.4.0
[0.605s] -- The CXX compiler identification is GNU 9.4.0
[0.617s] -- Check for working C compiler: /usr/bin/cc
[0.830s] -- Check for working C compiler: /usr/bin/cc -- works
[0.842s] -- Detecting C compiler ABI info
[1.005s] -- Detecting C compiler ABI info - done
[1.056s] -- Detecting C compile features
[1.057s] -- Detecting C compile features - done
[1.063s] -- Check for working CXX compiler: /usr/bin/c++
[1.403s] -- Check for working CXX compiler: /usr/bin/c++ -- works
[1.405s] -- Detecting CXX compiler ABI info
[1.777s] -- Detecting CXX compiler ABI info - done
[1.809s] -- Detecting CXX compile features
[1.810s] -- Detecting CXX compile features - done
[1.814s] -- Found ament_cmake: 0.9.11 (/opt/ros/foxy/share/ament_cmake/cmake)
[1.857s] -- Found PythonInterp: /usr/bin/python3 (found suitable version "3.8.10", minimum required is "3") 
[1.863s] -- Using PYTHON_EXECUTABLE: /usr/bin/python3
[2.479s] -- Found rclcpp: 2.4.2 (/opt/ros/foxy/share/rclcpp/cmake)
[2.661s] -- Using all available rosidl_typesupport_c: rosidl_typesupport_fastrtps_c;rosidl_typesupport_introspection_c
[2.681s] -- Found rosidl_adapter: 1.3.0 (/opt/ros/foxy/share/rosidl_adapter/cmake)
[3.030s] -- Found OpenSSL: /usr/lib/x86_64-linux-gnu/libcrypto.so (found version "1.1.1f")  
[3.125s] -- Found FastRTPS: /opt/ros/foxy/include  
[3.530s] -- Using all available rosidl_typesupport_cpp: rosidl_typesupport_fastrtps_cpp;rosidl_typesupport_introspection_cpp
[3.762s] -- Found rmw_implementation_cmake: 1.0.3 (/opt/ros/foxy/share/rmw_implementation_cmake/cmake)
[3.766s] -- Using RMW implementation 'rmw_fastrtps_cpp' as default
[3.768s] -- Looking for pthread.h
[3.978s] -- Looking for pthread.h - found
[3.978s] -- Performing Test CMAKE_HAVE_LIBC_PTHREAD
[4.241s] -- Performing Test CMAKE_HAVE_LIBC_PTHREAD - Failed
[4.242s] -- Looking for pthread_create in pthreads
[4.445s] -- Looking for pthread_create in pthreads - not found
[4.445s] -- Looking for pthread_create in pthread
[4.645s] -- Looking for pthread_create in pthread - found
[4.649s] -- Found Threads: TRUE  
[5.296s] -- Configuring done
[5.337s] -- Generating done
[5.341s] -- Build files have been written to: /home/admin/Desktop/CSE180/build/lab1
[5.361s] Invoked command in '/home/admin/Desktop/CSE180/build/lab1' returned '0': CMAKE_PREFIX_PATH=/opt/ros/foxy /usr/bin/cmake /home/admin/Desktop/CSE180/src/lab1 -DCMAKE_INSTALL_PREFIX=/home/admin/Desktop/CSE180/install/lab1
[5.375s] Invoking command in '/home/admin/Desktop/CSE180/build/lab1': CMAKE_PREFIX_PATH=/opt/ros/foxy /usr/bin/cmake --build /home/admin/Desktop/CSE180/build/lab1 -- -j2 -l2
[5.517s] [35m[1mScanning dependencies of target intsubscriber[0m
[5.528s] [35m[1mScanning dependencies of target intpublisher[0m
[5.633s] [ 50%] [32mBuilding CXX object CMakeFiles/intpublisher.dir/src/intpublisher.cpp.o[0m
[5.633s] [ 50%] [32mBuilding CXX object CMakeFiles/intsubscriber.dir/src/intsubscriber.cpp.o[0m
[17.177s] [ 75%] [32m[1mLinking CXX executable intpublisher[0m
[17.578s] [ 75%] Built target intpublisher
[22.698s] [100%] [32m[1mLinking CXX executable intsubscriber[0m
[23.337s] [100%] Built target intsubscriber
[23.393s] Invoked command in '/home/admin/Desktop/CSE180/build/lab1' returned '0': CMAKE_PREFIX_PATH=/opt/ros/foxy /usr/bin/cmake --build /home/admin/Desktop/CSE180/build/lab1 -- -j2 -l2
[23.492s] Invoking command in '/home/admin/Desktop/CSE180/build/lab1': CMAKE_PREFIX_PATH=/opt/ros/foxy /usr/bin/cmake --install /home/admin/Desktop/CSE180/build/lab1
[23.517s] -- Install configuration: ""
[23.517s] -- Installing: /home/admin/Desktop/CSE180/install/lab1/lib/lab1/intpublisher
[23.520s] -- Set runtime path of "/home/admin/Desktop/CSE180/install/lab1/lib/lab1/intpublisher" to ""
[23.521s] -- Installing: /home/admin/Desktop/CSE180/install/lab1/lib/lab1/intsubscriber
[23.527s] -- Set runtime path of "/home/admin/Desktop/CSE180/install/lab1/lib/lab1/intsubscriber" to ""
[23.528s] -- Installing: /home/admin/Desktop/CSE180/install/lab1/share/ament_index/resource_index/package_run_dependencies/lab1
[23.529s] -- Installing: /home/admin/Desktop/CSE180/install/lab1/share/ament_index/resource_index/parent_prefix_path/lab1
[23.529s] -- Installing: /home/admin/Desktop/CSE180/install/lab1/share/lab1/environment/ament_prefix_path.sh
[23.530s] -- Installing: /home/admin/Desktop/CSE180/install/lab1/share/lab1/environment/ament_prefix_path.dsv
[23.533s] -- Installing: /home/admin/Desktop/CSE180/install/lab1/share/lab1/environment/path.sh
[23.533s] -- Installing: /home/admin/Desktop/CSE180/install/lab1/share/lab1/environment/path.dsv
[23.534s] -- Installing: /home/admin/Desktop/CSE180/install/lab1/share/lab1/local_setup.bash
[23.534s] -- Installing: /home/admin/Desktop/CSE180/install/lab1/share/lab1/local_setup.sh
[23.534s] -- Installing: /home/admin/Desktop/CSE180/install/lab1/share/lab1/local_setup.zsh
[23.534s] -- Installing: /home/admin/Desktop/CSE180/install/lab1/share/lab1/local_setup.dsv
[23.534s] -- Installing: /home/admin/Desktop/CSE180/install/lab1/share/lab1/package.dsv
[23.534s] -- Installing: /home/admin/Desktop/CSE180/install/lab1/share/ament_index/resource_index/packages/lab1
[23.536s] -- Installing: /home/admin/Desktop/CSE180/install/lab1/share/lab1/cmake/lab1Config.cmake
[23.537s] -- Installing: /home/admin/Desktop/CSE180/install/lab1/share/lab1/cmake/lab1Config-version.cmake
[23.538s] -- Installing: /home/admin/Desktop/CSE180/install/lab1/share/lab1/package.xml
[23.549s] Invoked command in '/home/admin/Desktop/CSE180/build/lab1' returned '0': CMAKE_PREFIX_PATH=/opt/ros/foxy /usr/bin/cmake --install /home/admin/Desktop/CSE180/build/lab1
