[0.162s] Invoking command in '/home/admin/Desktop/CSE180/build/lab2': CMAKE_PREFIX_PATH=/opt/ros/foxy /usr/bin/cmake --build /home/admin/Desktop/CSE180/build/lab2 -- -j2 -l2
[0.420s] [35m[1mScanning dependencies of target drawcircle[0m
[0.652s] [ 50%] [32mBuilding CXX object CMakeFiles/drawcircle.dir/src/moveturtle.cpp.o[0m
[13.193s] [100%] [32m[1mLinking CXX executable drawcircle[0m
[13.698s] [100%] Built target drawcircle
[13.719s] Invoked command in '/home/admin/Desktop/CSE180/build/lab2' returned '0': CMAKE_PREFIX_PATH=/opt/ros/foxy /usr/bin/cmake --build /home/admin/Desktop/CSE180/build/lab2 -- -j2 -l2
[13.853s] Invoking command in '/home/admin/Desktop/CSE180/build/lab2': CMAKE_PREFIX_PATH=/opt/ros/foxy /usr/bin/cmake --install /home/admin/Desktop/CSE180/build/lab2
[13.935s] -- Install configuration: ""
[13.936s] -- Installing: /home/admin/Desktop/CSE180/install/lab2/lib/lab2/drawcircle
[13.940s] -- Set runtime path of "/home/admin/Desktop/CSE180/install/lab2/lib/lab2/drawcircle" to ""
[13.941s] -- Up-to-date: /home/admin/Desktop/CSE180/install/lab2/share/ament_index/resource_index/package_run_dependencies/lab2
[13.942s] -- Up-to-date: /home/admin/Desktop/CSE180/install/lab2/share/ament_index/resource_index/parent_prefix_path/lab2
[13.943s] -- Up-to-date: /home/admin/Desktop/CSE180/install/lab2/share/lab2/environment/ament_prefix_path.sh
[13.944s] -- Up-to-date: /home/admin/Desktop/CSE180/install/lab2/share/lab2/environment/ament_prefix_path.dsv
[13.945s] -- Up-to-date: /home/admin/Desktop/CSE180/install/lab2/share/lab2/environment/path.sh
[13.946s] -- Up-to-date: /home/admin/Desktop/CSE180/install/lab2/share/lab2/environment/path.dsv
[13.946s] -- Up-to-date: /home/admin/Desktop/CSE180/install/lab2/share/lab2/local_setup.bash
[13.947s] -- Up-to-date: /home/admin/Desktop/CSE180/install/lab2/share/lab2/local_setup.sh
[13.947s] -- Up-to-date: /home/admin/Desktop/CSE180/install/lab2/share/lab2/local_setup.zsh
[13.948s] -- Up-to-date: /home/admin/Desktop/CSE180/install/lab2/share/lab2/local_setup.dsv
[13.948s] -- Installing: /home/admin/Desktop/CSE180/install/lab2/share/lab2/package.dsv
[13.949s] -- Up-to-date: /home/admin/Desktop/CSE180/install/lab2/share/ament_index/resource_index/packages/lab2
[13.949s] -- Up-to-date: /home/admin/Desktop/CSE180/install/lab2/share/lab2/cmake/lab2Config.cmake
[13.949s] -- Up-to-date: /home/admin/Desktop/CSE180/install/lab2/share/lab2/cmake/lab2Config-version.cmake
[13.949s] -- Up-to-date: /home/admin/Desktop/CSE180/install/lab2/share/lab2/package.xml
[13.966s] Invoked command in '/home/admin/Desktop/CSE180/build/lab2' returned '0': CMAKE_PREFIX_PATH=/opt/ros/foxy /usr/bin/cmake --install /home/admin/Desktop/CSE180/build/lab2
