[0.063s] Invoking command in '/home/admin/Desktop/CSE180/build/lab1': CMAKE_PREFIX_PATH=${CMAKE_PREFIX_PATH}:/opt/ros/foxy /usr/bin/cmake --build /home/admin/Desktop/CSE180/build/lab1 -- -j2 -l2
[0.654s] [ 50%] Built target intsubscriber
[0.762s] [100%] Built target intpublisher
[0.851s] Invoked command in '/home/admin/Desktop/CSE180/build/lab1' returned '0': CMAKE_PREFIX_PATH=${CMAKE_PREFIX_PATH}:/opt/ros/foxy /usr/bin/cmake --build /home/admin/Desktop/CSE180/build/lab1 -- -j2 -l2
[1.073s] Invoking command in '/home/admin/Desktop/CSE180/build/lab1': CMAKE_PREFIX_PATH=${CMAKE_PREFIX_PATH}:/opt/ros/foxy /usr/bin/cmake --install /home/admin/Desktop/CSE180/build/lab1
[1.114s] -- Install configuration: ""
[1.114s] -- Up-to-date: /home/admin/Desktop/CSE180/install/lab1/lib/lab1/intpublisher
[1.115s] -- Up-to-date: /home/admin/Desktop/CSE180/install/lab1/lib/lab1/intsubscriber
[1.116s] -- Up-to-date: /home/admin/Desktop/CSE180/install/lab1/share/ament_index/resource_index/package_run_dependencies/lab1
[1.117s] -- Up-to-date: /home/admin/Desktop/CSE180/install/lab1/share/ament_index/resource_index/parent_prefix_path/lab1
[1.118s] -- Up-to-date: /home/admin/Desktop/CSE180/install/lab1/share/lab1/environment/ament_prefix_path.sh
[1.118s] -- Up-to-date: /home/admin/Desktop/CSE180/install/lab1/share/lab1/environment/ament_prefix_path.dsv
[1.118s] -- Up-to-date: /home/admin/Desktop/CSE180/install/lab1/share/lab1/environment/path.sh
[1.119s] -- Up-to-date: /home/admin/Desktop/CSE180/install/lab1/share/lab1/environment/path.dsv
[1.120s] -- Up-to-date: /home/admin/Desktop/CSE180/install/lab1/share/lab1/local_setup.bash
[1.120s] -- Up-to-date: /home/admin/Desktop/CSE180/install/lab1/share/lab1/local_setup.sh
[1.120s] -- Up-to-date: /home/admin/Desktop/CSE180/install/lab1/share/lab1/local_setup.zsh
[1.120s] -- Up-to-date: /home/admin/Desktop/CSE180/install/lab1/share/lab1/local_setup.dsv
[1.120s] -- Installing: /home/admin/Desktop/CSE180/install/lab1/share/lab1/package.dsv
[1.121s] -- Up-to-date: /home/admin/Desktop/CSE180/install/lab1/share/ament_index/resource_index/packages/lab1
[1.121s] -- Up-to-date: /home/admin/Desktop/CSE180/install/lab1/share/lab1/cmake/lab1Config.cmake
[1.121s] -- Up-to-date: /home/admin/Desktop/CSE180/install/lab1/share/lab1/cmake/lab1Config-version.cmake
[1.122s] -- Up-to-date: /home/admin/Desktop/CSE180/install/lab1/share/lab1/package.xml
[1.133s] Invoked command in '/home/admin/Desktop/CSE180/build/lab1' returned '0': CMAKE_PREFIX_PATH=${CMAKE_PREFIX_PATH}:/opt/ros/foxy /usr/bin/cmake --install /home/admin/Desktop/CSE180/build/lab1
